[0.010s] Invoking command in '/home/cmyhj/Documents/homework-2025-v1.1/release/answer2/build/robot_behavior_tree': CMAKE_PREFIX_PATH=${CMAKE_PREFIX_PATH}:/opt/ros/humble /usr/bin/cmake /home/cmyhj/Documents/homework-2025-v1.1/release/answer2/src/robot_behavior_tree -DCMAKE_INSTALL_PREFIX=/home/cmyhj/Documents/homework-2025-v1.1/release/answer2/install/robot_behavior_tree
[0.053s] -- The C compiler identification is GNU 11.4.0
[0.081s] -- The CXX compiler identification is GNU 11.4.0
[0.086s] -- Detecting C compiler ABI info
[0.130s] -- Detecting C compiler ABI info - done
[0.134s] -- Check for working C compiler: /usr/bin/cc - skipped
[0.134s] -- Detecting C compile features
[0.134s] -- Detecting C compile features - done
[0.136s] -- Detecting CXX compiler ABI info
[0.183s] -- Detecting CXX compiler ABI info - done
[0.187s] -- Check for working CXX compiler: /usr/bin/c++ - skipped
[0.187s] -- Detecting CXX compile features
[0.187s] -- Detecting CXX compile features - done
[0.189s] -- Found ament_cmake: 1.3.11 (/opt/ros/humble/share/ament_cmake/cmake)
[0.275s] -- Found Python3: /usr/bin/python3 (found version "3.10.12") found components: Interpreter 
[0.323s] -- Found rclcpp: 16.0.11 (/opt/ros/humble/share/rclcpp/cmake)
[0.345s] -- Found rosidl_generator_c: 3.1.6 (/opt/ros/humble/share/rosidl_generator_c/cmake)
[0.347s] -- Found rosidl_adapter: 3.1.6 (/opt/ros/humble/share/rosidl_adapter/cmake)
[0.352s] -- Found rosidl_generator_cpp: 3.1.6 (/opt/ros/humble/share/rosidl_generator_cpp/cmake)
[0.358s] -- Using all available rosidl_typesupport_c: rosidl_typesupport_fastrtps_c;rosidl_typesupport_introspection_c
[0.366s] -- Using all available rosidl_typesupport_cpp: rosidl_typesupport_fastrtps_cpp;rosidl_typesupport_introspection_cpp
[0.388s] -- Found rmw_implementation_cmake: 6.1.2 (/opt/ros/humble/share/rmw_implementation_cmake/cmake)
[0.390s] -- Found rmw_fastrtps_cpp: 6.2.7 (/opt/ros/humble/share/rmw_fastrtps_cpp/cmake)
[0.442s] -- Found OpenSSL: /usr/lib/x86_64-linux-gnu/libcrypto.so (found version "3.0.2")  
[0.465s] -- Found FastRTPS: /opt/ros/humble/include  
[0.492s] -- Using RMW implementation 'rmw_fastrtps_cpp' as default
[0.497s] -- Looking for pthread.h
[0.546s] -- Looking for pthread.h - found
[0.546s] -- Performing Test CMAKE_HAVE_LIBC_PTHREAD
[0.585s] -- Performing Test CMAKE_HAVE_LIBC_PTHREAD - Success
[0.585s] -- Found Threads: TRUE  
[0.611s] -- Found nav2_behavior_tree: 1.1.17 (/opt/ros/humble/share/nav2_behavior_tree/cmake)
[0.718s] -- Found eigen3_cmake_module: 0.1.1 (/opt/ros/humble/share/eigen3_cmake_module/cmake)
[0.719s] -- Found Eigen3: TRUE (found version "3.4.0") 
[0.719s] -- Ensuring Eigen3 include directory is part of orocos-kdl CMake target
[0.749s] -- Configuring incomplete, errors occurred!
[0.749s] See also "/home/cmyhj/Documents/homework-2025-v1.1/release/answer2/build/robot_behavior_tree/CMakeFiles/CMakeOutput.log".
[0.749s] [31mCMake Error at CMakeLists.txt:13 (find_package):
[0.749s]   By not providing "Findrobot_msgs.cmake" in CMAKE_MODULE_PATH this project
[0.749s]   has asked CMake to find a package configuration file provided by
[0.749s]   "robot_msgs", but CMake did not find one.
[0.749s] 
[0.749s]   Could not find a package configuration file provided by "robot_msgs" with
[0.750s]   any of the following names:
[0.750s] 
[0.750s]     robot_msgsConfig.cmake
[0.750s]     robot_msgs-config.cmake
[0.750s] 
[0.750s]   Add the installation prefix of "robot_msgs" to CMAKE_PREFIX_PATH or set
[0.750s]   "robot_msgs_DIR" to a directory containing one of the above files.  If
[0.750s]   "robot_msgs" provides a separate development package or SDK, be sure it has
[0.750s]   been installed.
[0.750s] 
[0.750s] [0m
[0.755s] Invoked command in '/home/cmyhj/Documents/homework-2025-v1.1/release/answer2/build/robot_behavior_tree' returned '1': CMAKE_PREFIX_PATH=${CMAKE_PREFIX_PATH}:/opt/ros/humble /usr/bin/cmake /home/cmyhj/Documents/homework-2025-v1.1/release/answer2/src/robot_behavior_tree -DCMAKE_INSTALL_PREFIX=/home/cmyhj/Documents/homework-2025-v1.1/release/answer2/install/robot_behavior_tree
