[0.047s] DEBUG:colcon:Command line arguments: ['/usr/bin/colcon', 'build']
[0.047s] DEBUG:colcon:Parsed command line arguments: Namespace(log_base=None, log_level=None, verb_name='build', build_base='build', install_base='install', merge_install=False, symlink_install=False, test_result_base=None, continue_on_error=False, executor='parallel', parallel_workers=32, event_handlers=None, ignore_user_meta=False, metas=['./colcon.meta'], base_paths=['.'], packages_ignore=None, packages_ignore_regex=None, paths=None, packages_up_to=None, packages_up_to_regex=None, packages_above=None, packages_above_and_dependencies=None, packages_above_depth=None, packages_select_by_dep=None, packages_skip_by_dep=None, packages_skip_up_to=None, packages_select_build_failed=False, packages_skip_build_finished=False, packages_select_test_failures=False, packages_skip_test_passed=False, packages_select=None, packages_skip=None, packages_select_regex=None, packages_skip_regex=None, packages_start=None, packages_end=None, allow_overriding=[], cmake_args=None, cmake_target=None, cmake_target_skip_unavailable=False, cmake_clean_cache=False, cmake_clean_first=False, cmake_force_configure=False, ament_cmake_args=None, catkin_cmake_args=None, catkin_skip_building_tests=False, verb_parser=<colcon_defaults.argument_parser.defaults.DefaultArgumentsDecorator object at 0x72b02a55ceb0>, verb_extension=<colcon_core.verb.build.BuildVerb object at 0x72b02a55ca60>, main=<bound method BuildVerb.main of <colcon_core.verb.build.BuildVerb object at 0x72b02a55ca60>>)
[0.129s] Level 1:colcon.colcon_core.package_discovery:discover_packages(colcon_meta) check parameters
[0.129s] Level 1:colcon.colcon_core.package_discovery:discover_packages(recursive) check parameters
[0.129s] Level 1:colcon.colcon_core.package_discovery:discover_packages(ignore) check parameters
[0.129s] Level 1:colcon.colcon_core.package_discovery:discover_packages(path) check parameters
[0.129s] Level 1:colcon.colcon_core.package_discovery:discover_packages(colcon_meta) discover
[0.129s] Level 1:colcon.colcon_core.package_discovery:discover_packages(recursive) discover
[0.129s] INFO:colcon.colcon_core.package_discovery:Crawling recursively for packages in '/home/cmyhj/Documents/homework-2025-v1.1/release/answer2'
[0.130s] Level 1:colcon.colcon_core.package_identification:_identify(.) by extensions ['ignore', 'ignore_ament_install']
[0.130s] Level 1:colcon.colcon_core.package_identification:_identify(.) by extension 'ignore'
[0.130s] Level 1:colcon.colcon_core.package_identification:_identify(.) by extension 'ignore_ament_install'
[0.130s] Level 1:colcon.colcon_core.package_identification:_identify(.) by extensions ['colcon_pkg']
[0.130s] Level 1:colcon.colcon_core.package_identification:_identify(.) by extension 'colcon_pkg'
[0.130s] Level 1:colcon.colcon_core.package_identification:_identify(.) by extensions ['colcon_meta']
[0.130s] Level 1:colcon.colcon_core.package_identification:_identify(.) by extension 'colcon_meta'
[0.130s] Level 1:colcon.colcon_core.package_identification:_identify(.) by extensions ['ros']
[0.130s] Level 1:colcon.colcon_core.package_identification:_identify(.) by extension 'ros'
[0.135s] Level 1:colcon.colcon_core.package_identification:_identify(.) by extensions ['cmake', 'python']
[0.135s] Level 1:colcon.colcon_core.package_identification:_identify(.) by extension 'cmake'
[0.135s] Level 1:colcon.colcon_core.package_identification:_identify(.) by extension 'python'
[0.135s] Level 1:colcon.colcon_core.package_identification:_identify(.) by extensions ['python_setup_py']
[0.135s] Level 1:colcon.colcon_core.package_identification:_identify(.) by extension 'python_setup_py'
[0.135s] Level 1:colcon.colcon_core.package_identification:_identify(build) by extensions ['ignore', 'ignore_ament_install']
[0.136s] Level 1:colcon.colcon_core.package_identification:_identify(build) by extension 'ignore'
[0.136s] Level 1:colcon.colcon_core.package_identification:_identify(build) ignored
[0.136s] Level 1:colcon.colcon_core.package_identification:_identify(install) by extensions ['ignore', 'ignore_ament_install']
[0.136s] Level 1:colcon.colcon_core.package_identification:_identify(install) by extension 'ignore'
[0.136s] Level 1:colcon.colcon_core.package_identification:_identify(install) ignored
[0.136s] Level 1:colcon.colcon_core.package_identification:_identify(log) by extensions ['ignore', 'ignore_ament_install']
[0.136s] Level 1:colcon.colcon_core.package_identification:_identify(log) by extension 'ignore'
[0.136s] Level 1:colcon.colcon_core.package_identification:_identify(log) ignored
[0.136s] Level 1:colcon.colcon_core.package_identification:_identify(src) by extensions ['ignore', 'ignore_ament_install']
[0.136s] Level 1:colcon.colcon_core.package_identification:_identify(src) by extension 'ignore'
[0.136s] Level 1:colcon.colcon_core.package_identification:_identify(src) by extension 'ignore_ament_install'
[0.136s] Level 1:colcon.colcon_core.package_identification:_identify(src) by extensions ['colcon_pkg']
[0.136s] Level 1:colcon.colcon_core.package_identification:_identify(src) by extension 'colcon_pkg'
[0.136s] Level 1:colcon.colcon_core.package_identification:_identify(src) by extensions ['colcon_meta']
[0.136s] Level 1:colcon.colcon_core.package_identification:_identify(src) by extension 'colcon_meta'
[0.136s] Level 1:colcon.colcon_core.package_identification:_identify(src) by extensions ['ros']
[0.136s] Level 1:colcon.colcon_core.package_identification:_identify(src) by extension 'ros'
[0.136s] Level 1:colcon.colcon_core.package_identification:_identify(src) by extensions ['cmake', 'python']
[0.136s] Level 1:colcon.colcon_core.package_identification:_identify(src) by extension 'cmake'
[0.136s] Level 1:colcon.colcon_core.package_identification:_identify(src) by extension 'python'
[0.136s] Level 1:colcon.colcon_core.package_identification:_identify(src) by extensions ['python_setup_py']
[0.136s] Level 1:colcon.colcon_core.package_identification:_identify(src) by extension 'python_setup_py'
[0.136s] Level 1:colcon.colcon_core.package_identification:_identify(src/config) by extensions ['ignore', 'ignore_ament_install']
[0.136s] Level 1:colcon.colcon_core.package_identification:_identify(src/config) by extension 'ignore'
[0.136s] Level 1:colcon.colcon_core.package_identification:_identify(src/config) by extension 'ignore_ament_install'
[0.136s] Level 1:colcon.colcon_core.package_identification:_identify(src/config) by extensions ['colcon_pkg']
[0.136s] Level 1:colcon.colcon_core.package_identification:_identify(src/config) by extension 'colcon_pkg'
[0.136s] Level 1:colcon.colcon_core.package_identification:_identify(src/config) by extensions ['colcon_meta']
[0.136s] Level 1:colcon.colcon_core.package_identification:_identify(src/config) by extension 'colcon_meta'
[0.136s] Level 1:colcon.colcon_core.package_identification:_identify(src/config) by extensions ['ros']
[0.136s] Level 1:colcon.colcon_core.package_identification:_identify(src/config) by extension 'ros'
[0.136s] Level 1:colcon.colcon_core.package_identification:_identify(src/config) by extensions ['cmake', 'python']
[0.136s] Level 1:colcon.colcon_core.package_identification:_identify(src/config) by extension 'cmake'
[0.136s] Level 1:colcon.colcon_core.package_identification:_identify(src/config) by extension 'python'
[0.136s] Level 1:colcon.colcon_core.package_identification:_identify(src/config) by extensions ['python_setup_py']
[0.136s] Level 1:colcon.colcon_core.package_identification:_identify(src/config) by extension 'python_setup_py'
[0.136s] Level 1:colcon.colcon_core.package_identification:_identify(src/img_proess) by extensions ['ignore', 'ignore_ament_install']
[0.136s] Level 1:colcon.colcon_core.package_identification:_identify(src/img_proess) by extension 'ignore'
[0.136s] Level 1:colcon.colcon_core.package_identification:_identify(src/img_proess) by extension 'ignore_ament_install'
[0.136s] Level 1:colcon.colcon_core.package_identification:_identify(src/img_proess) by extensions ['colcon_pkg']
[0.136s] Level 1:colcon.colcon_core.package_identification:_identify(src/img_proess) by extension 'colcon_pkg'
[0.136s] Level 1:colcon.colcon_core.package_identification:_identify(src/img_proess) by extensions ['colcon_meta']
[0.137s] Level 1:colcon.colcon_core.package_identification:_identify(src/img_proess) by extension 'colcon_meta'
[0.137s] Level 1:colcon.colcon_core.package_identification:_identify(src/img_proess) by extensions ['ros']
[0.137s] Level 1:colcon.colcon_core.package_identification:_identify(src/img_proess) by extension 'ros'
[0.138s] DEBUG:colcon.colcon_core.package_identification:Package 'src/img_proess' with type 'ros.ament_cmake' and name 'img_process'
[0.138s] Level 1:colcon.colcon_core.package_identification:_identify(src/launch) by extensions ['ignore', 'ignore_ament_install']
[0.138s] Level 1:colcon.colcon_core.package_identification:_identify(src/launch) by extension 'ignore'
[0.138s] Level 1:colcon.colcon_core.package_identification:_identify(src/launch) by extension 'ignore_ament_install'
[0.138s] Level 1:colcon.colcon_core.package_identification:_identify(src/launch) by extensions ['colcon_pkg']
[0.138s] Level 1:colcon.colcon_core.package_identification:_identify(src/launch) by extension 'colcon_pkg'
[0.138s] Level 1:colcon.colcon_core.package_identification:_identify(src/launch) by extensions ['colcon_meta']
[0.138s] Level 1:colcon.colcon_core.package_identification:_identify(src/launch) by extension 'colcon_meta'
[0.138s] Level 1:colcon.colcon_core.package_identification:_identify(src/launch) by extensions ['ros']
[0.139s] Level 1:colcon.colcon_core.package_identification:_identify(src/launch) by extension 'ros'
[0.139s] Level 1:colcon.colcon_core.package_identification:_identify(src/launch) by extensions ['cmake', 'python']
[0.139s] Level 1:colcon.colcon_core.package_identification:_identify(src/launch) by extension 'cmake'
[0.139s] Level 1:colcon.colcon_core.package_identification:_identify(src/launch) by extension 'python'
[0.139s] Level 1:colcon.colcon_core.package_identification:_identify(src/launch) by extensions ['python_setup_py']
[0.139s] Level 1:colcon.colcon_core.package_identification:_identify(src/launch) by extension 'python_setup_py'
[0.139s] Level 1:colcon.colcon_core.package_identification:_identify(src/nav2_pure_pursuit_controller) by extensions ['ignore', 'ignore_ament_install']
[0.139s] Level 1:colcon.colcon_core.package_identification:_identify(src/nav2_pure_pursuit_controller) by extension 'ignore'
[0.139s] Level 1:colcon.colcon_core.package_identification:_identify(src/nav2_pure_pursuit_controller) by extension 'ignore_ament_install'
[0.139s] Level 1:colcon.colcon_core.package_identification:_identify(src/nav2_pure_pursuit_controller) by extensions ['colcon_pkg']
[0.139s] Level 1:colcon.colcon_core.package_identification:_identify(src/nav2_pure_pursuit_controller) by extension 'colcon_pkg'
[0.139s] Level 1:colcon.colcon_core.package_identification:_identify(src/nav2_pure_pursuit_controller) by extensions ['colcon_meta']
[0.139s] Level 1:colcon.colcon_core.package_identification:_identify(src/nav2_pure_pursuit_controller) by extension 'colcon_meta'
[0.139s] Level 1:colcon.colcon_core.package_identification:_identify(src/nav2_pure_pursuit_controller) by extensions ['ros']
[0.139s] Level 1:colcon.colcon_core.package_identification:_identify(src/nav2_pure_pursuit_controller) by extension 'ros'
[0.139s] DEBUG:colcon.colcon_core.package_identification:Package 'src/nav2_pure_pursuit_controller' with type 'ros.ament_cmake' and name 'nav2_pure_pursuit_controller'
[0.139s] Level 1:colcon.colcon_core.package_identification:_identify(src/robot_behavior_tree) by extensions ['ignore', 'ignore_ament_install']
[0.140s] Level 1:colcon.colcon_core.package_identification:_identify(src/robot_behavior_tree) by extension 'ignore'
[0.140s] Level 1:colcon.colcon_core.package_identification:_identify(src/robot_behavior_tree) by extension 'ignore_ament_install'
[0.140s] Level 1:colcon.colcon_core.package_identification:_identify(src/robot_behavior_tree) by extensions ['colcon_pkg']
[0.140s] Level 1:colcon.colcon_core.package_identification:_identify(src/robot_behavior_tree) by extension 'colcon_pkg'
[0.140s] Level 1:colcon.colcon_core.package_identification:_identify(src/robot_behavior_tree) by extensions ['colcon_meta']
[0.140s] Level 1:colcon.colcon_core.package_identification:_identify(src/robot_behavior_tree) by extension 'colcon_meta'
[0.140s] Level 1:colcon.colcon_core.package_identification:_identify(src/robot_behavior_tree) by extensions ['ros']
[0.140s] Level 1:colcon.colcon_core.package_identification:_identify(src/robot_behavior_tree) by extension 'ros'
[0.140s] DEBUG:colcon.colcon_core.package_identification:Package 'src/robot_behavior_tree' with type 'ros.ament_cmake' and name 'robot_behavior_tree'
[0.140s] Level 1:colcon.colcon_core.package_identification:_identify(src/robot_bt_decision_maker) by extensions ['ignore', 'ignore_ament_install']
[0.140s] Level 1:colcon.colcon_core.package_identification:_identify(src/robot_bt_decision_maker) by extension 'ignore'
[0.140s] Level 1:colcon.colcon_core.package_identification:_identify(src/robot_bt_decision_maker) by extension 'ignore_ament_install'
[0.140s] Level 1:colcon.colcon_core.package_identification:_identify(src/robot_bt_decision_maker) by extensions ['colcon_pkg']
[0.140s] Level 1:colcon.colcon_core.package_identification:_identify(src/robot_bt_decision_maker) by extension 'colcon_pkg'
[0.140s] Level 1:colcon.colcon_core.package_identification:_identify(src/robot_bt_decision_maker) by extensions ['colcon_meta']
[0.140s] Level 1:colcon.colcon_core.package_identification:_identify(src/robot_bt_decision_maker) by extension 'colcon_meta'
[0.140s] Level 1:colcon.colcon_core.package_identification:_identify(src/robot_bt_decision_maker) by extensions ['ros']
[0.140s] Level 1:colcon.colcon_core.package_identification:_identify(src/robot_bt_decision_maker) by extension 'ros'
[0.141s] DEBUG:colcon.colcon_core.package_identification:Package 'src/robot_bt_decision_maker' with type 'ros.ament_cmake' and name 'robot_bt_decision_maker'
[0.141s] Level 1:colcon.colcon_core.package_identification:_identify(src/robot_bt_navigator) by extensions ['ignore', 'ignore_ament_install']
[0.141s] Level 1:colcon.colcon_core.package_identification:_identify(src/robot_bt_navigator) by extension 'ignore'
[0.141s] Level 1:colcon.colcon_core.package_identification:_identify(src/robot_bt_navigator) by extension 'ignore_ament_install'
[0.141s] Level 1:colcon.colcon_core.package_identification:_identify(src/robot_bt_navigator) by extensions ['colcon_pkg']
[0.141s] Level 1:colcon.colcon_core.package_identification:_identify(src/robot_bt_navigator) by extension 'colcon_pkg'
[0.141s] Level 1:colcon.colcon_core.package_identification:_identify(src/robot_bt_navigator) by extensions ['colcon_meta']
[0.141s] Level 1:colcon.colcon_core.package_identification:_identify(src/robot_bt_navigator) by extension 'colcon_meta'
[0.141s] Level 1:colcon.colcon_core.package_identification:_identify(src/robot_bt_navigator) by extensions ['ros']
[0.141s] Level 1:colcon.colcon_core.package_identification:_identify(src/robot_bt_navigator) by extension 'ros'
[0.142s] DEBUG:colcon.colcon_core.package_identification:Package 'src/robot_bt_navigator' with type 'ros.ament_cmake' and name 'robot_bt_navigator'
[0.142s] Level 1:colcon.colcon_core.package_discovery:discover_packages(recursive) using defaults
[0.142s] Level 1:colcon.colcon_core.package_discovery:discover_packages(ignore) discover
[0.142s] Level 1:colcon.colcon_core.package_discovery:discover_packages(ignore) using defaults
[0.142s] Level 1:colcon.colcon_core.package_discovery:discover_packages(path) discover
[0.142s] Level 1:colcon.colcon_core.package_discovery:discover_packages(path) using defaults
[0.157s] Level 1:colcon.colcon_core.package_discovery:discover_packages(prefix_path) check parameters
[0.157s] Level 1:colcon.colcon_core.package_discovery:discover_packages(prefix_path) discover
[0.158s] DEBUG:colcon.colcon_installed_package_information.package_discovery:Found 2 installed packages in /home/cmyhj/Documents/rm/sentry/livox_ws/install
[0.159s] DEBUG:colcon.colcon_installed_package_information.package_discovery:Found 370 installed packages in /opt/ros/humble
[0.159s] Level 1:colcon.colcon_core.package_discovery:discover_packages(prefix_path) using defaults
[0.182s] Level 5:colcon.colcon_core.verb:set package 'img_process' build argument 'cmake_args' from command line to 'None'
[0.183s] Level 5:colcon.colcon_core.verb:set package 'img_process' build argument 'cmake_target' from command line to 'None'
[0.183s] Level 5:colcon.colcon_core.verb:set package 'img_process' build argument 'cmake_target_skip_unavailable' from command line to 'False'
[0.183s] Level 5:colcon.colcon_core.verb:set package 'img_process' build argument 'cmake_clean_cache' from command line to 'False'
[0.183s] Level 5:colcon.colcon_core.verb:set package 'img_process' build argument 'cmake_clean_first' from command line to 'False'
[0.183s] Level 5:colcon.colcon_core.verb:set package 'img_process' build argument 'cmake_force_configure' from command line to 'False'
[0.183s] Level 5:colcon.colcon_core.verb:set package 'img_process' build argument 'ament_cmake_args' from command line to 'None'
[0.183s] Level 5:colcon.colcon_core.verb:set package 'img_process' build argument 'catkin_cmake_args' from command line to 'None'
[0.183s] Level 5:colcon.colcon_core.verb:set package 'img_process' build argument 'catkin_skip_building_tests' from command line to 'False'
[0.183s] DEBUG:colcon.colcon_core.verb:Building package 'img_process' with the following arguments: {'ament_cmake_args': None, 'build_base': '/home/cmyhj/Documents/homework-2025-v1.1/release/answer2/build/img_process', 'catkin_cmake_args': None, 'catkin_skip_building_tests': False, 'cmake_args': None, 'cmake_clean_cache': False, 'cmake_clean_first': False, 'cmake_force_configure': False, 'cmake_target': None, 'cmake_target_skip_unavailable': False, 'install_base': '/home/cmyhj/Documents/homework-2025-v1.1/release/answer2/install/img_process', 'merge_install': False, 'path': '/home/cmyhj/Documents/homework-2025-v1.1/release/answer2/src/img_proess', 'symlink_install': False, 'test_result_base': None}
[0.183s] Level 5:colcon.colcon_core.verb:set package 'nav2_pure_pursuit_controller' build argument 'cmake_args' from command line to 'None'
[0.183s] Level 5:colcon.colcon_core.verb:set package 'nav2_pure_pursuit_controller' build argument 'cmake_target' from command line to 'None'
[0.183s] Level 5:colcon.colcon_core.verb:set package 'nav2_pure_pursuit_controller' build argument 'cmake_target_skip_unavailable' from command line to 'False'
[0.183s] Level 5:colcon.colcon_core.verb:set package 'nav2_pure_pursuit_controller' build argument 'cmake_clean_cache' from command line to 'False'
[0.183s] Level 5:colcon.colcon_core.verb:set package 'nav2_pure_pursuit_controller' build argument 'cmake_clean_first' from command line to 'False'
[0.183s] Level 5:colcon.colcon_core.verb:set package 'nav2_pure_pursuit_controller' build argument 'cmake_force_configure' from command line to 'False'
[0.183s] Level 5:colcon.colcon_core.verb:set package 'nav2_pure_pursuit_controller' build argument 'ament_cmake_args' from command line to 'None'
[0.183s] Level 5:colcon.colcon_core.verb:set package 'nav2_pure_pursuit_controller' build argument 'catkin_cmake_args' from command line to 'None'
[0.183s] Level 5:colcon.colcon_core.verb:set package 'nav2_pure_pursuit_controller' build argument 'catkin_skip_building_tests' from command line to 'False'
[0.183s] DEBUG:colcon.colcon_core.verb:Building package 'nav2_pure_pursuit_controller' with the following arguments: {'ament_cmake_args': None, 'build_base': '/home/cmyhj/Documents/homework-2025-v1.1/release/answer2/build/nav2_pure_pursuit_controller', 'catkin_cmake_args': None, 'catkin_skip_building_tests': False, 'cmake_args': None, 'cmake_clean_cache': False, 'cmake_clean_first': False, 'cmake_force_configure': False, 'cmake_target': None, 'cmake_target_skip_unavailable': False, 'install_base': '/home/cmyhj/Documents/homework-2025-v1.1/release/answer2/install/nav2_pure_pursuit_controller', 'merge_install': False, 'path': '/home/cmyhj/Documents/homework-2025-v1.1/release/answer2/src/nav2_pure_pursuit_controller', 'symlink_install': False, 'test_result_base': None}
[0.183s] Level 5:colcon.colcon_core.verb:set package 'robot_behavior_tree' build argument 'cmake_args' from command line to 'None'
[0.183s] Level 5:colcon.colcon_core.verb:set package 'robot_behavior_tree' build argument 'cmake_target' from command line to 'None'
[0.183s] Level 5:colcon.colcon_core.verb:set package 'robot_behavior_tree' build argument 'cmake_target_skip_unavailable' from command line to 'False'
[0.183s] Level 5:colcon.colcon_core.verb:set package 'robot_behavior_tree' build argument 'cmake_clean_cache' from command line to 'False'
[0.183s] Level 5:colcon.colcon_core.verb:set package 'robot_behavior_tree' build argument 'cmake_clean_first' from command line to 'False'
[0.183s] Level 5:colcon.colcon_core.verb:set package 'robot_behavior_tree' build argument 'cmake_force_configure' from command line to 'False'
[0.183s] Level 5:colcon.colcon_core.verb:set package 'robot_behavior_tree' build argument 'ament_cmake_args' from command line to 'None'
[0.183s] Level 5:colcon.colcon_core.verb:set package 'robot_behavior_tree' build argument 'catkin_cmake_args' from command line to 'None'
[0.183s] Level 5:colcon.colcon_core.verb:set package 'robot_behavior_tree' build argument 'catkin_skip_building_tests' from command line to 'False'
[0.183s] DEBUG:colcon.colcon_core.verb:Building package 'robot_behavior_tree' with the following arguments: {'ament_cmake_args': None, 'build_base': '/home/cmyhj/Documents/homework-2025-v1.1/release/answer2/build/robot_behavior_tree', 'catkin_cmake_args': None, 'catkin_skip_building_tests': False, 'cmake_args': None, 'cmake_clean_cache': False, 'cmake_clean_first': False, 'cmake_force_configure': False, 'cmake_target': None, 'cmake_target_skip_unavailable': False, 'install_base': '/home/cmyhj/Documents/homework-2025-v1.1/release/answer2/install/robot_behavior_tree', 'merge_install': False, 'path': '/home/cmyhj/Documents/homework-2025-v1.1/release/answer2/src/robot_behavior_tree', 'symlink_install': False, 'test_result_base': None}
[0.183s] Level 5:colcon.colcon_core.verb:set package 'robot_bt_decision_maker' build argument 'cmake_args' from command line to 'None'
[0.183s] Level 5:colcon.colcon_core.verb:set package 'robot_bt_decision_maker' build argument 'cmake_target' from command line to 'None'
[0.183s] Level 5:colcon.colcon_core.verb:set package 'robot_bt_decision_maker' build argument 'cmake_target_skip_unavailable' from command line to 'False'
[0.183s] Level 5:colcon.colcon_core.verb:set package 'robot_bt_decision_maker' build argument 'cmake_clean_cache' from command line to 'False'
[0.183s] Level 5:colcon.colcon_core.verb:set package 'robot_bt_decision_maker' build argument 'cmake_clean_first' from command line to 'False'
[0.183s] Level 5:colcon.colcon_core.verb:set package 'robot_bt_decision_maker' build argument 'cmake_force_configure' from command line to 'False'
[0.183s] Level 5:colcon.colcon_core.verb:set package 'robot_bt_decision_maker' build argument 'ament_cmake_args' from command line to 'None'
[0.183s] Level 5:colcon.colcon_core.verb:set package 'robot_bt_decision_maker' build argument 'catkin_cmake_args' from command line to 'None'
[0.183s] Level 5:colcon.colcon_core.verb:set package 'robot_bt_decision_maker' build argument 'catkin_skip_building_tests' from command line to 'False'
[0.183s] DEBUG:colcon.colcon_core.verb:Building package 'robot_bt_decision_maker' with the following arguments: {'ament_cmake_args': None, 'build_base': '/home/cmyhj/Documents/homework-2025-v1.1/release/answer2/build/robot_bt_decision_maker', 'catkin_cmake_args': None, 'catkin_skip_building_tests': False, 'cmake_args': None, 'cmake_clean_cache': False, 'cmake_clean_first': False, 'cmake_force_configure': False, 'cmake_target': None, 'cmake_target_skip_unavailable': False, 'install_base': '/home/cmyhj/Documents/homework-2025-v1.1/release/answer2/install/robot_bt_decision_maker', 'merge_install': False, 'path': '/home/cmyhj/Documents/homework-2025-v1.1/release/answer2/src/robot_bt_decision_maker', 'symlink_install': False, 'test_result_base': None}
[0.184s] Level 5:colcon.colcon_core.verb:set package 'robot_bt_navigator' build argument 'cmake_args' from command line to 'None'
[0.184s] Level 5:colcon.colcon_core.verb:set package 'robot_bt_navigator' build argument 'cmake_target' from command line to 'None'
[0.184s] Level 5:colcon.colcon_core.verb:set package 'robot_bt_navigator' build argument 'cmake_target_skip_unavailable' from command line to 'False'
[0.184s] Level 5:colcon.colcon_core.verb:set package 'robot_bt_navigator' build argument 'cmake_clean_cache' from command line to 'False'
[0.184s] Level 5:colcon.colcon_core.verb:set package 'robot_bt_navigator' build argument 'cmake_clean_first' from command line to 'False'
[0.184s] Level 5:colcon.colcon_core.verb:set package 'robot_bt_navigator' build argument 'cmake_force_configure' from command line to 'False'
[0.184s] Level 5:colcon.colcon_core.verb:set package 'robot_bt_navigator' build argument 'ament_cmake_args' from command line to 'None'
[0.184s] Level 5:colcon.colcon_core.verb:set package 'robot_bt_navigator' build argument 'catkin_cmake_args' from command line to 'None'
[0.184s] Level 5:colcon.colcon_core.verb:set package 'robot_bt_navigator' build argument 'catkin_skip_building_tests' from command line to 'False'
[0.184s] DEBUG:colcon.colcon_core.verb:Building package 'robot_bt_navigator' with the following arguments: {'ament_cmake_args': None, 'build_base': '/home/cmyhj/Documents/homework-2025-v1.1/release/answer2/build/robot_bt_navigator', 'catkin_cmake_args': None, 'catkin_skip_building_tests': False, 'cmake_args': None, 'cmake_clean_cache': False, 'cmake_clean_first': False, 'cmake_force_configure': False, 'cmake_target': None, 'cmake_target_skip_unavailable': False, 'install_base': '/home/cmyhj/Documents/homework-2025-v1.1/release/answer2/install/robot_bt_navigator', 'merge_install': False, 'path': '/home/cmyhj/Documents/homework-2025-v1.1/release/answer2/src/robot_bt_navigator', 'symlink_install': False, 'test_result_base': None}
[0.184s] INFO:colcon.colcon_core.executor:Executing jobs using 'parallel' executor
[0.185s] DEBUG:colcon.colcon_parallel_executor.executor.parallel:run_until_complete
[0.185s] INFO:colcon.colcon_ros.task.ament_cmake.build:Building ROS package in '/home/cmyhj/Documents/homework-2025-v1.1/release/answer2/src/robot_behavior_tree' with build type 'ament_cmake'
[0.185s] INFO:colcon.colcon_cmake.task.cmake.build:Building CMake package in '/home/cmyhj/Documents/homework-2025-v1.1/release/answer2/src/robot_behavior_tree'
[0.186s] INFO:colcon.colcon_core.plugin_system:Skipping extension 'colcon_core.shell.bat': Not used on non-Windows systems
[0.186s] INFO:colcon.colcon_core.shell:Skip shell extension 'powershell' for command environment: Not usable outside of PowerShell
[0.186s] DEBUG:colcon.colcon_core.shell:Skip shell extension 'dsv' for command environment
[0.188s] INFO:colcon.colcon_ros.task.ament_cmake.build:Building ROS package in '/home/cmyhj/Documents/homework-2025-v1.1/release/answer2/src/img_proess' with build type 'ament_cmake'
[0.188s] INFO:colcon.colcon_cmake.task.cmake.build:Building CMake package in '/home/cmyhj/Documents/homework-2025-v1.1/release/answer2/src/img_proess'
[0.188s] INFO:colcon.colcon_core.shell:Skip shell extension 'powershell' for command environment: Not usable outside of PowerShell
[0.188s] DEBUG:colcon.colcon_core.shell:Skip shell extension 'dsv' for command environment
[0.190s] INFO:colcon.colcon_ros.task.ament_cmake.build:Building ROS package in '/home/cmyhj/Documents/homework-2025-v1.1/release/answer2/src/nav2_pure_pursuit_controller' with build type 'ament_cmake'
[0.190s] INFO:colcon.colcon_cmake.task.cmake.build:Building CMake package in '/home/cmyhj/Documents/homework-2025-v1.1/release/answer2/src/nav2_pure_pursuit_controller'
[0.190s] INFO:colcon.colcon_core.shell:Skip shell extension 'powershell' for command environment: Not usable outside of PowerShell
[0.190s] DEBUG:colcon.colcon_core.shell:Skip shell extension 'dsv' for command environment
[0.196s] DEBUG:colcon.colcon_core.event_handler.log_command:Invoking command in '/home/cmyhj/Documents/homework-2025-v1.1/release/answer2/build/robot_behavior_tree': CMAKE_PREFIX_PATH=${CMAKE_PREFIX_PATH}:/opt/ros/humble /usr/bin/cmake /home/cmyhj/Documents/homework-2025-v1.1/release/answer2/src/robot_behavior_tree -DCMAKE_INSTALL_PREFIX=/home/cmyhj/Documents/homework-2025-v1.1/release/answer2/install/robot_behavior_tree
[0.200s] DEBUG:colcon.colcon_core.event_handler.log_command:Invoking command in '/home/cmyhj/Documents/homework-2025-v1.1/release/answer2/build/img_process': CMAKE_PREFIX_PATH=${CMAKE_PREFIX_PATH}:/opt/ros/humble /usr/bin/cmake --build /home/cmyhj/Documents/homework-2025-v1.1/release/answer2/build/img_process -- -j32 -l32
[0.205s] DEBUG:colcon.colcon_core.event_handler.log_command:Invoking command in '/home/cmyhj/Documents/homework-2025-v1.1/release/answer2/build/nav2_pure_pursuit_controller': CMAKE_PREFIX_PATH=${CMAKE_PREFIX_PATH}:/opt/ros/humble /usr/bin/cmake --build /home/cmyhj/Documents/homework-2025-v1.1/release/answer2/build/nav2_pure_pursuit_controller -- -j32 -l32
[0.249s] DEBUG:colcon.colcon_core.event_handler.log_command:Invoked command in '/home/cmyhj/Documents/homework-2025-v1.1/release/answer2/build/img_process' returned '0': CMAKE_PREFIX_PATH=${CMAKE_PREFIX_PATH}:/opt/ros/humble /usr/bin/cmake --build /home/cmyhj/Documents/homework-2025-v1.1/release/answer2/build/img_process -- -j32 -l32
[0.253s] DEBUG:colcon.colcon_core.event_handler.log_command:Invoking command in '/home/cmyhj/Documents/homework-2025-v1.1/release/answer2/build/img_process': CMAKE_PREFIX_PATH=${CMAKE_PREFIX_PATH}:/opt/ros/humble /usr/bin/cmake --install /home/cmyhj/Documents/homework-2025-v1.1/release/answer2/build/img_process
[0.254s] DEBUG:colcon.colcon_core.event_handler.log_command:Invoked command in '/home/cmyhj/Documents/homework-2025-v1.1/release/answer2/build/nav2_pure_pursuit_controller' returned '0': CMAKE_PREFIX_PATH=${CMAKE_PREFIX_PATH}:/opt/ros/humble /usr/bin/cmake --build /home/cmyhj/Documents/homework-2025-v1.1/release/answer2/build/nav2_pure_pursuit_controller -- -j32 -l32
[0.255s] DEBUG:colcon.colcon_core.event_handler.log_command:Invoking command in '/home/cmyhj/Documents/homework-2025-v1.1/release/answer2/build/nav2_pure_pursuit_controller': CMAKE_PREFIX_PATH=${CMAKE_PREFIX_PATH}:/opt/ros/humble /usr/bin/cmake --install /home/cmyhj/Documents/homework-2025-v1.1/release/answer2/build/nav2_pure_pursuit_controller
[0.259s] Level 1:colcon.colcon_core.environment:create_environment_scripts_only(img_process)
[0.260s] DEBUG:colcon.colcon_core.event_handler.log_command:Invoked command in '/home/cmyhj/Documents/homework-2025-v1.1/release/answer2/build/img_process' returned '0': CMAKE_PREFIX_PATH=${CMAKE_PREFIX_PATH}:/opt/ros/humble /usr/bin/cmake --install /home/cmyhj/Documents/homework-2025-v1.1/release/answer2/build/img_process
[0.261s] Level 1:colcon.colcon_core.environment:checking '/home/cmyhj/Documents/homework-2025-v1.1/release/answer2/install/img_process' for CMake module files
[0.261s] Level 1:colcon.colcon_core.environment:checking '/home/cmyhj/Documents/homework-2025-v1.1/release/answer2/install/img_process' for CMake config files
[0.261s] Level 1:colcon.colcon_core.shell:create_environment_hook('img_process', 'cmake_prefix_path')
[0.261s] INFO:colcon.colcon_core.shell:Creating environment hook '/home/cmyhj/Documents/homework-2025-v1.1/release/answer2/install/img_process/share/img_process/hook/cmake_prefix_path.ps1'
[0.262s] INFO:colcon.colcon_core.shell:Creating environment descriptor '/home/cmyhj/Documents/homework-2025-v1.1/release/answer2/install/img_process/share/img_process/hook/cmake_prefix_path.dsv'
[0.262s] INFO:colcon.colcon_core.shell:Creating environment hook '/home/cmyhj/Documents/homework-2025-v1.1/release/answer2/install/img_process/share/img_process/hook/cmake_prefix_path.sh'
[0.262s] Level 1:colcon.colcon_core.environment:checking '/home/cmyhj/Documents/homework-2025-v1.1/release/answer2/install/img_process/lib'
[0.262s] Level 1:colcon.colcon_core.environment:checking '/home/cmyhj/Documents/homework-2025-v1.1/release/answer2/install/img_process/bin'
[0.262s] Level 1:colcon.colcon_core.environment:checking '/home/cmyhj/Documents/homework-2025-v1.1/release/answer2/install/img_process/lib/pkgconfig/img_process.pc'
[0.262s] Level 1:colcon.colcon_core.environment:checking '/home/cmyhj/Documents/homework-2025-v1.1/release/answer2/install/img_process/lib/python3.10/site-packages'
[0.262s] Level 1:colcon.colcon_core.environment:checking '/home/cmyhj/Documents/homework-2025-v1.1/release/answer2/install/img_process/bin'
[0.263s] INFO:colcon.colcon_core.shell:Creating package script '/home/cmyhj/Documents/homework-2025-v1.1/release/answer2/install/img_process/share/img_process/package.ps1'
[0.263s] INFO:colcon.colcon_core.shell:Creating package descriptor '/home/cmyhj/Documents/homework-2025-v1.1/release/answer2/install/img_process/share/img_process/package.dsv'
[0.263s] INFO:colcon.colcon_core.shell:Creating package script '/home/cmyhj/Documents/homework-2025-v1.1/release/answer2/install/img_process/share/img_process/package.sh'
[0.263s] INFO:colcon.colcon_core.shell:Creating package script '/home/cmyhj/Documents/homework-2025-v1.1/release/answer2/install/img_process/share/img_process/package.bash'
[0.264s] INFO:colcon.colcon_core.shell:Creating package script '/home/cmyhj/Documents/homework-2025-v1.1/release/answer2/install/img_process/share/img_process/package.zsh'
[0.264s] Level 1:colcon.colcon_core.environment:create_file_with_runtime_dependencies(/home/cmyhj/Documents/homework-2025-v1.1/release/answer2/install/img_process/share/colcon-core/packages/img_process)
[0.264s] Level 1:colcon.colcon_core.environment:create_environment_scripts_only(img_process)
[0.264s] Level 1:colcon.colcon_core.environment:checking '/home/cmyhj/Documents/homework-2025-v1.1/release/answer2/install/img_process' for CMake module files
[0.264s] Level 1:colcon.colcon_core.environment:checking '/home/cmyhj/Documents/homework-2025-v1.1/release/answer2/install/img_process' for CMake config files
[0.264s] Level 1:colcon.colcon_core.shell:create_environment_hook('img_process', 'cmake_prefix_path')
[0.265s] INFO:colcon.colcon_core.shell:Creating environment hook '/home/cmyhj/Documents/homework-2025-v1.1/release/answer2/install/img_process/share/img_process/hook/cmake_prefix_path.ps1'
[0.265s] INFO:colcon.colcon_core.shell:Creating environment descriptor '/home/cmyhj/Documents/homework-2025-v1.1/release/answer2/install/img_process/share/img_process/hook/cmake_prefix_path.dsv'
[0.265s] INFO:colcon.colcon_core.shell:Creating environment hook '/home/cmyhj/Documents/homework-2025-v1.1/release/answer2/install/img_process/share/img_process/hook/cmake_prefix_path.sh'
[0.265s] Level 1:colcon.colcon_core.environment:checking '/home/cmyhj/Documents/homework-2025-v1.1/release/answer2/install/img_process/lib'
[0.265s] Level 1:colcon.colcon_core.environment:checking '/home/cmyhj/Documents/homework-2025-v1.1/release/answer2/install/img_process/bin'
[0.265s] Level 1:colcon.colcon_core.environment:checking '/home/cmyhj/Documents/homework-2025-v1.1/release/answer2/install/img_process/lib/pkgconfig/img_process.pc'
[0.265s] Level 1:colcon.colcon_core.environment:checking '/home/cmyhj/Documents/homework-2025-v1.1/release/answer2/install/img_process/lib/python3.10/site-packages'
[0.265s] Level 1:colcon.colcon_core.environment:checking '/home/cmyhj/Documents/homework-2025-v1.1/release/answer2/install/img_process/bin'
[0.265s] INFO:colcon.colcon_core.shell:Creating package script '/home/cmyhj/Documents/homework-2025-v1.1/release/answer2/install/img_process/share/img_process/package.ps1'
[0.266s] INFO:colcon.colcon_core.shell:Creating package descriptor '/home/cmyhj/Documents/homework-2025-v1.1/release/answer2/install/img_process/share/img_process/package.dsv'
[0.266s] INFO:colcon.colcon_core.shell:Creating package script '/home/cmyhj/Documents/homework-2025-v1.1/release/answer2/install/img_process/share/img_process/package.sh'
[0.266s] INFO:colcon.colcon_core.shell:Creating package script '/home/cmyhj/Documents/homework-2025-v1.1/release/answer2/install/img_process/share/img_process/package.bash'
[0.266s] INFO:colcon.colcon_core.shell:Creating package script '/home/cmyhj/Documents/homework-2025-v1.1/release/answer2/install/img_process/share/img_process/package.zsh'
[0.266s] Level 1:colcon.colcon_core.environment:create_file_with_runtime_dependencies(/home/cmyhj/Documents/homework-2025-v1.1/release/answer2/install/img_process/share/colcon-core/packages/img_process)
[0.267s] Level 1:colcon.colcon_core.environment:create_environment_scripts_only(nav2_pure_pursuit_controller)
[0.267s] Level 1:colcon.colcon_core.environment:checking '/home/cmyhj/Documents/homework-2025-v1.1/release/answer2/install/nav2_pure_pursuit_controller' for CMake module files
[0.267s] DEBUG:colcon.colcon_core.event_handler.log_command:Invoked command in '/home/cmyhj/Documents/homework-2025-v1.1/release/answer2/build/nav2_pure_pursuit_controller' returned '0': CMAKE_PREFIX_PATH=${CMAKE_PREFIX_PATH}:/opt/ros/humble /usr/bin/cmake --install /home/cmyhj/Documents/homework-2025-v1.1/release/answer2/build/nav2_pure_pursuit_controller
[0.268s] Level 1:colcon.colcon_core.environment:checking '/home/cmyhj/Documents/homework-2025-v1.1/release/answer2/install/nav2_pure_pursuit_controller' for CMake config files
[0.268s] Level 1:colcon.colcon_core.shell:create_environment_hook('nav2_pure_pursuit_controller', 'cmake_prefix_path')
[0.268s] INFO:colcon.colcon_core.shell:Creating environment hook '/home/cmyhj/Documents/homework-2025-v1.1/release/answer2/install/nav2_pure_pursuit_controller/share/nav2_pure_pursuit_controller/hook/cmake_prefix_path.ps1'
[0.268s] INFO:colcon.colcon_core.shell:Creating environment descriptor '/home/cmyhj/Documents/homework-2025-v1.1/release/answer2/install/nav2_pure_pursuit_controller/share/nav2_pure_pursuit_controller/hook/cmake_prefix_path.dsv'
[0.268s] INFO:colcon.colcon_core.shell:Creating environment hook '/home/cmyhj/Documents/homework-2025-v1.1/release/answer2/install/nav2_pure_pursuit_controller/share/nav2_pure_pursuit_controller/hook/cmake_prefix_path.sh'
[0.268s] Level 1:colcon.colcon_core.environment:checking '/home/cmyhj/Documents/homework-2025-v1.1/release/answer2/install/nav2_pure_pursuit_controller/lib'
[0.268s] Level 1:colcon.colcon_core.shell:create_environment_hook('nav2_pure_pursuit_controller', 'ld_library_path_lib')
[0.268s] INFO:colcon.colcon_core.shell:Creating environment hook '/home/cmyhj/Documents/homework-2025-v1.1/release/answer2/install/nav2_pure_pursuit_controller/share/nav2_pure_pursuit_controller/hook/ld_library_path_lib.ps1'
[0.269s] INFO:colcon.colcon_core.shell:Creating environment descriptor '/home/cmyhj/Documents/homework-2025-v1.1/release/answer2/install/nav2_pure_pursuit_controller/share/nav2_pure_pursuit_controller/hook/ld_library_path_lib.dsv'
[0.269s] INFO:colcon.colcon_core.shell:Creating environment hook '/home/cmyhj/Documents/homework-2025-v1.1/release/answer2/install/nav2_pure_pursuit_controller/share/nav2_pure_pursuit_controller/hook/ld_library_path_lib.sh'
[0.269s] Level 1:colcon.colcon_core.environment:checking '/home/cmyhj/Documents/homework-2025-v1.1/release/answer2/install/nav2_pure_pursuit_controller/bin'
[0.269s] Level 1:colcon.colcon_core.environment:checking '/home/cmyhj/Documents/homework-2025-v1.1/release/answer2/install/nav2_pure_pursuit_controller/lib/pkgconfig/nav2_pure_pursuit_controller.pc'
[0.269s] Level 1:colcon.colcon_core.environment:checking '/home/cmyhj/Documents/homework-2025-v1.1/release/answer2/install/nav2_pure_pursuit_controller/lib/python3.10/site-packages'
[0.269s] Level 1:colcon.colcon_core.environment:checking '/home/cmyhj/Documents/homework-2025-v1.1/release/answer2/install/nav2_pure_pursuit_controller/bin'
[0.269s] INFO:colcon.colcon_core.shell:Creating package script '/home/cmyhj/Documents/homework-2025-v1.1/release/answer2/install/nav2_pure_pursuit_controller/share/nav2_pure_pursuit_controller/package.ps1'
[0.269s] INFO:colcon.colcon_core.shell:Creating package descriptor '/home/cmyhj/Documents/homework-2025-v1.1/release/answer2/install/nav2_pure_pursuit_controller/share/nav2_pure_pursuit_controller/package.dsv'
[0.270s] INFO:colcon.colcon_core.shell:Creating package script '/home/cmyhj/Documents/homework-2025-v1.1/release/answer2/install/nav2_pure_pursuit_controller/share/nav2_pure_pursuit_controller/package.sh'
[0.270s] INFO:colcon.colcon_core.shell:Creating package script '/home/cmyhj/Documents/homework-2025-v1.1/release/answer2/install/nav2_pure_pursuit_controller/share/nav2_pure_pursuit_controller/package.bash'
[0.270s] INFO:colcon.colcon_core.shell:Creating package script '/home/cmyhj/Documents/homework-2025-v1.1/release/answer2/install/nav2_pure_pursuit_controller/share/nav2_pure_pursuit_controller/package.zsh'
[0.270s] Level 1:colcon.colcon_core.environment:create_file_with_runtime_dependencies(/home/cmyhj/Documents/homework-2025-v1.1/release/answer2/install/nav2_pure_pursuit_controller/share/colcon-core/packages/nav2_pure_pursuit_controller)
[0.270s] Level 1:colcon.colcon_core.environment:create_environment_scripts_only(nav2_pure_pursuit_controller)
[0.270s] Level 1:colcon.colcon_core.environment:checking '/home/cmyhj/Documents/homework-2025-v1.1/release/answer2/install/nav2_pure_pursuit_controller' for CMake module files
[0.271s] Level 1:colcon.colcon_core.environment:checking '/home/cmyhj/Documents/homework-2025-v1.1/release/answer2/install/nav2_pure_pursuit_controller' for CMake config files
[0.271s] Level 1:colcon.colcon_core.shell:create_environment_hook('nav2_pure_pursuit_controller', 'cmake_prefix_path')
[0.271s] INFO:colcon.colcon_core.shell:Creating environment hook '/home/cmyhj/Documents/homework-2025-v1.1/release/answer2/install/nav2_pure_pursuit_controller/share/nav2_pure_pursuit_controller/hook/cmake_prefix_path.ps1'
[0.271s] INFO:colcon.colcon_core.shell:Creating environment descriptor '/home/cmyhj/Documents/homework-2025-v1.1/release/answer2/install/nav2_pure_pursuit_controller/share/nav2_pure_pursuit_controller/hook/cmake_prefix_path.dsv'
[0.271s] INFO:colcon.colcon_core.shell:Creating environment hook '/home/cmyhj/Documents/homework-2025-v1.1/release/answer2/install/nav2_pure_pursuit_controller/share/nav2_pure_pursuit_controller/hook/cmake_prefix_path.sh'
[0.271s] Level 1:colcon.colcon_core.environment:checking '/home/cmyhj/Documents/homework-2025-v1.1/release/answer2/install/nav2_pure_pursuit_controller/lib'
[0.271s] Level 1:colcon.colcon_core.shell:create_environment_hook('nav2_pure_pursuit_controller', 'ld_library_path_lib')
[0.271s] INFO:colcon.colcon_core.shell:Creating environment hook '/home/cmyhj/Documents/homework-2025-v1.1/release/answer2/install/nav2_pure_pursuit_controller/share/nav2_pure_pursuit_controller/hook/ld_library_path_lib.ps1'
[0.272s] INFO:colcon.colcon_core.shell:Creating environment descriptor '/home/cmyhj/Documents/homework-2025-v1.1/release/answer2/install/nav2_pure_pursuit_controller/share/nav2_pure_pursuit_controller/hook/ld_library_path_lib.dsv'
[0.272s] INFO:colcon.colcon_core.shell:Creating environment hook '/home/cmyhj/Documents/homework-2025-v1.1/release/answer2/install/nav2_pure_pursuit_controller/share/nav2_pure_pursuit_controller/hook/ld_library_path_lib.sh'
[0.272s] Level 1:colcon.colcon_core.environment:checking '/home/cmyhj/Documents/homework-2025-v1.1/release/answer2/install/nav2_pure_pursuit_controller/bin'
[0.272s] Level 1:colcon.colcon_core.environment:checking '/home/cmyhj/Documents/homework-2025-v1.1/release/answer2/install/nav2_pure_pursuit_controller/lib/pkgconfig/nav2_pure_pursuit_controller.pc'
[0.272s] Level 1:colcon.colcon_core.environment:checking '/home/cmyhj/Documents/homework-2025-v1.1/release/answer2/install/nav2_pure_pursuit_controller/lib/python3.10/site-packages'
[0.272s] Level 1:colcon.colcon_core.environment:checking '/home/cmyhj/Documents/homework-2025-v1.1/release/answer2/install/nav2_pure_pursuit_controller/bin'
[0.272s] INFO:colcon.colcon_core.shell:Creating package script '/home/cmyhj/Documents/homework-2025-v1.1/release/answer2/install/nav2_pure_pursuit_controller/share/nav2_pure_pursuit_controller/package.ps1'
[0.272s] INFO:colcon.colcon_core.shell:Creating package descriptor '/home/cmyhj/Documents/homework-2025-v1.1/release/answer2/install/nav2_pure_pursuit_controller/share/nav2_pure_pursuit_controller/package.dsv'
[0.273s] INFO:colcon.colcon_core.shell:Creating package script '/home/cmyhj/Documents/homework-2025-v1.1/release/answer2/install/nav2_pure_pursuit_controller/share/nav2_pure_pursuit_controller/package.sh'
[0.273s] INFO:colcon.colcon_core.shell:Creating package script '/home/cmyhj/Documents/homework-2025-v1.1/release/answer2/install/nav2_pure_pursuit_controller/share/nav2_pure_pursuit_controller/package.bash'
[0.273s] INFO:colcon.colcon_core.shell:Creating package script '/home/cmyhj/Documents/homework-2025-v1.1/release/answer2/install/nav2_pure_pursuit_controller/share/nav2_pure_pursuit_controller/package.zsh'
[0.273s] Level 1:colcon.colcon_core.environment:create_file_with_runtime_dependencies(/home/cmyhj/Documents/homework-2025-v1.1/release/answer2/install/nav2_pure_pursuit_controller/share/colcon-core/packages/nav2_pure_pursuit_controller)
[0.597s] DEBUG:colcon.colcon_core.event_handler.log_command:Invoked command in '/home/cmyhj/Documents/homework-2025-v1.1/release/answer2/build/robot_behavior_tree' returned '0': CMAKE_PREFIX_PATH=${CMAKE_PREFIX_PATH}:/opt/ros/humble /usr/bin/cmake /home/cmyhj/Documents/homework-2025-v1.1/release/answer2/src/robot_behavior_tree -DCMAKE_INSTALL_PREFIX=/home/cmyhj/Documents/homework-2025-v1.1/release/answer2/install/robot_behavior_tree
[0.597s] DEBUG:colcon.colcon_core.event_handler.log_command:Invoking command in '/home/cmyhj/Documents/homework-2025-v1.1/release/answer2/build/robot_behavior_tree': CMAKE_PREFIX_PATH=${CMAKE_PREFIX_PATH}:/opt/ros/humble /usr/bin/cmake --build /home/cmyhj/Documents/homework-2025-v1.1/release/answer2/build/robot_behavior_tree -- -j32 -l32
[5.087s] DEBUG:colcon.colcon_core.event_handler.log_command:Invoked command in '/home/cmyhj/Documents/homework-2025-v1.1/release/answer2/build/robot_behavior_tree' returned '0': CMAKE_PREFIX_PATH=${CMAKE_PREFIX_PATH}:/opt/ros/humble /usr/bin/cmake --build /home/cmyhj/Documents/homework-2025-v1.1/release/answer2/build/robot_behavior_tree -- -j32 -l32
[5.088s] DEBUG:colcon.colcon_core.event_handler.log_command:Invoking command in '/home/cmyhj/Documents/homework-2025-v1.1/release/answer2/build/robot_behavior_tree': CMAKE_PREFIX_PATH=${CMAKE_PREFIX_PATH}:/opt/ros/humble /usr/bin/cmake --install /home/cmyhj/Documents/homework-2025-v1.1/release/answer2/build/robot_behavior_tree
[5.105s] Level 1:colcon.colcon_core.environment:create_environment_scripts_only(robot_behavior_tree)
[5.106s] Level 1:colcon.colcon_core.environment:checking '/home/cmyhj/Documents/homework-2025-v1.1/release/answer2/install/robot_behavior_tree' for CMake module files
[5.106s] DEBUG:colcon.colcon_core.event_handler.log_command:Invoked command in '/home/cmyhj/Documents/homework-2025-v1.1/release/answer2/build/robot_behavior_tree' returned '0': CMAKE_PREFIX_PATH=${CMAKE_PREFIX_PATH}:/opt/ros/humble /usr/bin/cmake --install /home/cmyhj/Documents/homework-2025-v1.1/release/answer2/build/robot_behavior_tree
[5.106s] Level 1:colcon.colcon_core.environment:checking '/home/cmyhj/Documents/homework-2025-v1.1/release/answer2/install/robot_behavior_tree' for CMake config files
[5.107s] Level 1:colcon.colcon_core.shell:create_environment_hook('robot_behavior_tree', 'cmake_prefix_path')
[5.107s] INFO:colcon.colcon_core.shell:Creating environment hook '/home/cmyhj/Documents/homework-2025-v1.1/release/answer2/install/robot_behavior_tree/share/robot_behavior_tree/hook/cmake_prefix_path.ps1'
[5.107s] INFO:colcon.colcon_core.shell:Creating environment descriptor '/home/cmyhj/Documents/homework-2025-v1.1/release/answer2/install/robot_behavior_tree/share/robot_behavior_tree/hook/cmake_prefix_path.dsv'
[5.107s] INFO:colcon.colcon_core.shell:Creating environment hook '/home/cmyhj/Documents/homework-2025-v1.1/release/answer2/install/robot_behavior_tree/share/robot_behavior_tree/hook/cmake_prefix_path.sh'
[5.107s] Level 1:colcon.colcon_core.environment:checking '/home/cmyhj/Documents/homework-2025-v1.1/release/answer2/install/robot_behavior_tree/lib'
[5.107s] Level 1:colcon.colcon_core.shell:create_environment_hook('robot_behavior_tree', 'ld_library_path_lib')
[5.108s] INFO:colcon.colcon_core.shell:Creating environment hook '/home/cmyhj/Documents/homework-2025-v1.1/release/answer2/install/robot_behavior_tree/share/robot_behavior_tree/hook/ld_library_path_lib.ps1'
[5.108s] INFO:colcon.colcon_core.shell:Creating environment descriptor '/home/cmyhj/Documents/homework-2025-v1.1/release/answer2/install/robot_behavior_tree/share/robot_behavior_tree/hook/ld_library_path_lib.dsv'
[5.108s] INFO:colcon.colcon_core.shell:Creating environment hook '/home/cmyhj/Documents/homework-2025-v1.1/release/answer2/install/robot_behavior_tree/share/robot_behavior_tree/hook/ld_library_path_lib.sh'
[5.108s] Level 1:colcon.colcon_core.environment:checking '/home/cmyhj/Documents/homework-2025-v1.1/release/answer2/install/robot_behavior_tree/bin'
[5.108s] Level 1:colcon.colcon_core.environment:checking '/home/cmyhj/Documents/homework-2025-v1.1/release/answer2/install/robot_behavior_tree/lib/pkgconfig/robot_behavior_tree.pc'
[5.108s] Level 1:colcon.colcon_core.environment:checking '/home/cmyhj/Documents/homework-2025-v1.1/release/answer2/install/robot_behavior_tree/lib/python3.10/site-packages'
[5.108s] Level 1:colcon.colcon_core.environment:checking '/home/cmyhj/Documents/homework-2025-v1.1/release/answer2/install/robot_behavior_tree/bin'
[5.109s] INFO:colcon.colcon_core.shell:Creating package script '/home/cmyhj/Documents/homework-2025-v1.1/release/answer2/install/robot_behavior_tree/share/robot_behavior_tree/package.ps1'
[5.109s] INFO:colcon.colcon_core.shell:Creating package descriptor '/home/cmyhj/Documents/homework-2025-v1.1/release/answer2/install/robot_behavior_tree/share/robot_behavior_tree/package.dsv'
[5.109s] INFO:colcon.colcon_core.shell:Creating package script '/home/cmyhj/Documents/homework-2025-v1.1/release/answer2/install/robot_behavior_tree/share/robot_behavior_tree/package.sh'
[5.109s] INFO:colcon.colcon_core.shell:Creating package script '/home/cmyhj/Documents/homework-2025-v1.1/release/answer2/install/robot_behavior_tree/share/robot_behavior_tree/package.bash'
[5.109s] INFO:colcon.colcon_core.shell:Creating package script '/home/cmyhj/Documents/homework-2025-v1.1/release/answer2/install/robot_behavior_tree/share/robot_behavior_tree/package.zsh'
[5.110s] Level 1:colcon.colcon_core.environment:create_file_with_runtime_dependencies(/home/cmyhj/Documents/homework-2025-v1.1/release/answer2/install/robot_behavior_tree/share/colcon-core/packages/robot_behavior_tree)
[5.110s] Level 1:colcon.colcon_core.environment:create_environment_scripts_only(robot_behavior_tree)
[5.110s] Level 1:colcon.colcon_core.environment:checking '/home/cmyhj/Documents/homework-2025-v1.1/release/answer2/install/robot_behavior_tree' for CMake module files
[5.110s] Level 1:colcon.colcon_core.environment:checking '/home/cmyhj/Documents/homework-2025-v1.1/release/answer2/install/robot_behavior_tree' for CMake config files
[5.110s] Level 1:colcon.colcon_core.shell:create_environment_hook('robot_behavior_tree', 'cmake_prefix_path')
[5.110s] INFO:colcon.colcon_core.shell:Creating environment hook '/home/cmyhj/Documents/homework-2025-v1.1/release/answer2/install/robot_behavior_tree/share/robot_behavior_tree/hook/cmake_prefix_path.ps1'
[5.111s] INFO:colcon.colcon_core.shell:Creating environment descriptor '/home/cmyhj/Documents/homework-2025-v1.1/release/answer2/install/robot_behavior_tree/share/robot_behavior_tree/hook/cmake_prefix_path.dsv'
[5.111s] INFO:colcon.colcon_core.shell:Creating environment hook '/home/cmyhj/Documents/homework-2025-v1.1/release/answer2/install/robot_behavior_tree/share/robot_behavior_tree/hook/cmake_prefix_path.sh'
[5.111s] Level 1:colcon.colcon_core.environment:checking '/home/cmyhj/Documents/homework-2025-v1.1/release/answer2/install/robot_behavior_tree/lib'
[5.111s] Level 1:colcon.colcon_core.shell:create_environment_hook('robot_behavior_tree', 'ld_library_path_lib')
[5.111s] INFO:colcon.colcon_core.shell:Creating environment hook '/home/cmyhj/Documents/homework-2025-v1.1/release/answer2/install/robot_behavior_tree/share/robot_behavior_tree/hook/ld_library_path_lib.ps1'
[5.111s] INFO:colcon.colcon_core.shell:Creating environment descriptor '/home/cmyhj/Documents/homework-2025-v1.1/release/answer2/install/robot_behavior_tree/share/robot_behavior_tree/hook/ld_library_path_lib.dsv'
[5.111s] INFO:colcon.colcon_core.shell:Creating environment hook '/home/cmyhj/Documents/homework-2025-v1.1/release/answer2/install/robot_behavior_tree/share/robot_behavior_tree/hook/ld_library_path_lib.sh'
[5.111s] Level 1:colcon.colcon_core.environment:checking '/home/cmyhj/Documents/homework-2025-v1.1/release/answer2/install/robot_behavior_tree/bin'
[5.112s] Level 1:colcon.colcon_core.environment:checking '/home/cmyhj/Documents/homework-2025-v1.1/release/answer2/install/robot_behavior_tree/lib/pkgconfig/robot_behavior_tree.pc'
[5.112s] Level 1:colcon.colcon_core.environment:checking '/home/cmyhj/Documents/homework-2025-v1.1/release/answer2/install/robot_behavior_tree/lib/python3.10/site-packages'
[5.112s] Level 1:colcon.colcon_core.environment:checking '/home/cmyhj/Documents/homework-2025-v1.1/release/answer2/install/robot_behavior_tree/bin'
[5.112s] INFO:colcon.colcon_core.shell:Creating package script '/home/cmyhj/Documents/homework-2025-v1.1/release/answer2/install/robot_behavior_tree/share/robot_behavior_tree/package.ps1'
[5.112s] INFO:colcon.colcon_core.shell:Creating package descriptor '/home/cmyhj/Documents/homework-2025-v1.1/release/answer2/install/robot_behavior_tree/share/robot_behavior_tree/package.dsv'
[5.112s] INFO:colcon.colcon_core.shell:Creating package script '/home/cmyhj/Documents/homework-2025-v1.1/release/answer2/install/robot_behavior_tree/share/robot_behavior_tree/package.sh'
[5.112s] INFO:colcon.colcon_core.shell:Creating package script '/home/cmyhj/Documents/homework-2025-v1.1/release/answer2/install/robot_behavior_tree/share/robot_behavior_tree/package.bash'
[5.113s] INFO:colcon.colcon_core.shell:Creating package script '/home/cmyhj/Documents/homework-2025-v1.1/release/answer2/install/robot_behavior_tree/share/robot_behavior_tree/package.zsh'
[5.113s] Level 1:colcon.colcon_core.environment:create_file_with_runtime_dependencies(/home/cmyhj/Documents/homework-2025-v1.1/release/answer2/install/robot_behavior_tree/share/colcon-core/packages/robot_behavior_tree)
[5.113s] INFO:colcon.colcon_ros.task.ament_cmake.build:Building ROS package in '/home/cmyhj/Documents/homework-2025-v1.1/release/answer2/src/robot_bt_decision_maker' with build type 'ament_cmake'
[5.113s] INFO:colcon.colcon_cmake.task.cmake.build:Building CMake package in '/home/cmyhj/Documents/homework-2025-v1.1/release/answer2/src/robot_bt_decision_maker'
[5.113s] INFO:colcon.colcon_core.shell:Skip shell extension 'powershell' for command environment: Not usable outside of PowerShell
[5.113s] DEBUG:colcon.colcon_core.shell:Skip shell extension 'dsv' for command environment
[5.115s] INFO:colcon.colcon_ros.task.ament_cmake.build:Building ROS package in '/home/cmyhj/Documents/homework-2025-v1.1/release/answer2/src/robot_bt_navigator' with build type 'ament_cmake'
[5.115s] INFO:colcon.colcon_cmake.task.cmake.build:Building CMake package in '/home/cmyhj/Documents/homework-2025-v1.1/release/answer2/src/robot_bt_navigator'
[5.115s] INFO:colcon.colcon_core.shell:Skip shell extension 'powershell' for command environment: Not usable outside of PowerShell
[5.115s] DEBUG:colcon.colcon_core.shell:Skip shell extension 'dsv' for command environment
[5.119s] DEBUG:colcon.colcon_core.event_handler.log_command:Invoking command in '/home/cmyhj/Documents/homework-2025-v1.1/release/answer2/build/robot_bt_decision_maker': AMENT_PREFIX_PATH=/home/cmyhj/Documents/homework-2025-v1.1/release/answer2/install/robot_behavior_tree:${AMENT_PREFIX_PATH} CMAKE_PREFIX_PATH=/home/cmyhj/Documents/homework-2025-v1.1/release/answer2/install/robot_behavior_tree:/home/cmyhj/Documents/rm/sentry/livox_ws/install/livox_ros_driver2:/opt/ros/humble LD_LIBRARY_PATH=/home/cmyhj/Documents/homework-2025-v1.1/release/answer2/install/robot_behavior_tree/lib:/home/cmyhj/Documents/rm/sentry/livox_ws/install/livox_sdk2/lib:/home/cmyhj/Documents/rm/sentry/livox_ws/install/livox_ros_driver2/lib:/usr/lib/x86_64-linux-gnu/gazebo-11/plugins:/opt/ros/humble/opt/rviz_ogre_vendor/lib:/opt/ros/humble/lib/x86_64-linux-gnu:/opt/ros/humble/lib:/usr/local/lib:/usr/local/include /usr/bin/cmake /home/cmyhj/Documents/homework-2025-v1.1/release/answer2/src/robot_bt_decision_maker -DCMAKE_INSTALL_PREFIX=/home/cmyhj/Documents/homework-2025-v1.1/release/answer2/install/robot_bt_decision_maker
[5.121s] DEBUG:colcon.colcon_core.event_handler.log_command:Invoking command in '/home/cmyhj/Documents/homework-2025-v1.1/release/answer2/build/robot_bt_navigator': AMENT_PREFIX_PATH=/home/cmyhj/Documents/homework-2025-v1.1/release/answer2/install/robot_behavior_tree:${AMENT_PREFIX_PATH} CMAKE_PREFIX_PATH=/home/cmyhj/Documents/homework-2025-v1.1/release/answer2/install/robot_behavior_tree:/home/cmyhj/Documents/rm/sentry/livox_ws/install/livox_ros_driver2:/opt/ros/humble LD_LIBRARY_PATH=/home/cmyhj/Documents/homework-2025-v1.1/release/answer2/install/robot_behavior_tree/lib:/home/cmyhj/Documents/rm/sentry/livox_ws/install/livox_sdk2/lib:/home/cmyhj/Documents/rm/sentry/livox_ws/install/livox_ros_driver2/lib:/usr/lib/x86_64-linux-gnu/gazebo-11/plugins:/opt/ros/humble/opt/rviz_ogre_vendor/lib:/opt/ros/humble/lib/x86_64-linux-gnu:/opt/ros/humble/lib:/usr/local/lib:/usr/local/include /usr/bin/cmake /home/cmyhj/Documents/homework-2025-v1.1/release/answer2/src/robot_bt_navigator -DCMAKE_INSTALL_PREFIX=/home/cmyhj/Documents/homework-2025-v1.1/release/answer2/install/robot_bt_navigator
[5.994s] DEBUG:colcon.colcon_core.event_handler.log_command:Invoked command in '/home/cmyhj/Documents/homework-2025-v1.1/release/answer2/build/robot_bt_decision_maker' returned '0': AMENT_PREFIX_PATH=/home/cmyhj/Documents/homework-2025-v1.1/release/answer2/install/robot_behavior_tree:${AMENT_PREFIX_PATH} CMAKE_PREFIX_PATH=/home/cmyhj/Documents/homework-2025-v1.1/release/answer2/install/robot_behavior_tree:/home/cmyhj/Documents/rm/sentry/livox_ws/install/livox_ros_driver2:/opt/ros/humble LD_LIBRARY_PATH=/home/cmyhj/Documents/homework-2025-v1.1/release/answer2/install/robot_behavior_tree/lib:/home/cmyhj/Documents/rm/sentry/livox_ws/install/livox_sdk2/lib:/home/cmyhj/Documents/rm/sentry/livox_ws/install/livox_ros_driver2/lib:/usr/lib/x86_64-linux-gnu/gazebo-11/plugins:/opt/ros/humble/opt/rviz_ogre_vendor/lib:/opt/ros/humble/lib/x86_64-linux-gnu:/opt/ros/humble/lib:/usr/local/lib:/usr/local/include /usr/bin/cmake /home/cmyhj/Documents/homework-2025-v1.1/release/answer2/src/robot_bt_decision_maker -DCMAKE_INSTALL_PREFIX=/home/cmyhj/Documents/homework-2025-v1.1/release/answer2/install/robot_bt_decision_maker
[5.994s] DEBUG:colcon.colcon_core.event_handler.log_command:Invoking command in '/home/cmyhj/Documents/homework-2025-v1.1/release/answer2/build/robot_bt_decision_maker': AMENT_PREFIX_PATH=/home/cmyhj/Documents/homework-2025-v1.1/release/answer2/install/robot_behavior_tree:${AMENT_PREFIX_PATH} CMAKE_PREFIX_PATH=/home/cmyhj/Documents/homework-2025-v1.1/release/answer2/install/robot_behavior_tree:/home/cmyhj/Documents/rm/sentry/livox_ws/install/livox_ros_driver2:/opt/ros/humble LD_LIBRARY_PATH=/home/cmyhj/Documents/homework-2025-v1.1/release/answer2/install/robot_behavior_tree/lib:/home/cmyhj/Documents/rm/sentry/livox_ws/install/livox_sdk2/lib:/home/cmyhj/Documents/rm/sentry/livox_ws/install/livox_ros_driver2/lib:/usr/lib/x86_64-linux-gnu/gazebo-11/plugins:/opt/ros/humble/opt/rviz_ogre_vendor/lib:/opt/ros/humble/lib/x86_64-linux-gnu:/opt/ros/humble/lib:/usr/local/lib:/usr/local/include /usr/bin/cmake --build /home/cmyhj/Documents/homework-2025-v1.1/release/answer2/build/robot_bt_decision_maker -- -j32 -l32
[6.244s] DEBUG:colcon.colcon_core.event_handler.log_command:Invoked command in '/home/cmyhj/Documents/homework-2025-v1.1/release/answer2/build/robot_bt_navigator' returned '0': AMENT_PREFIX_PATH=/home/cmyhj/Documents/homework-2025-v1.1/release/answer2/install/robot_behavior_tree:${AMENT_PREFIX_PATH} CMAKE_PREFIX_PATH=/home/cmyhj/Documents/homework-2025-v1.1/release/answer2/install/robot_behavior_tree:/home/cmyhj/Documents/rm/sentry/livox_ws/install/livox_ros_driver2:/opt/ros/humble LD_LIBRARY_PATH=/home/cmyhj/Documents/homework-2025-v1.1/release/answer2/install/robot_behavior_tree/lib:/home/cmyhj/Documents/rm/sentry/livox_ws/install/livox_sdk2/lib:/home/cmyhj/Documents/rm/sentry/livox_ws/install/livox_ros_driver2/lib:/usr/lib/x86_64-linux-gnu/gazebo-11/plugins:/opt/ros/humble/opt/rviz_ogre_vendor/lib:/opt/ros/humble/lib/x86_64-linux-gnu:/opt/ros/humble/lib:/usr/local/lib:/usr/local/include /usr/bin/cmake /home/cmyhj/Documents/homework-2025-v1.1/release/answer2/src/robot_bt_navigator -DCMAKE_INSTALL_PREFIX=/home/cmyhj/Documents/homework-2025-v1.1/release/answer2/install/robot_bt_navigator
[6.245s] DEBUG:colcon.colcon_core.event_handler.log_command:Invoking command in '/home/cmyhj/Documents/homework-2025-v1.1/release/answer2/build/robot_bt_navigator': AMENT_PREFIX_PATH=/home/cmyhj/Documents/homework-2025-v1.1/release/answer2/install/robot_behavior_tree:${AMENT_PREFIX_PATH} CMAKE_PREFIX_PATH=/home/cmyhj/Documents/homework-2025-v1.1/release/answer2/install/robot_behavior_tree:/home/cmyhj/Documents/rm/sentry/livox_ws/install/livox_ros_driver2:/opt/ros/humble LD_LIBRARY_PATH=/home/cmyhj/Documents/homework-2025-v1.1/release/answer2/install/robot_behavior_tree/lib:/home/cmyhj/Documents/rm/sentry/livox_ws/install/livox_sdk2/lib:/home/cmyhj/Documents/rm/sentry/livox_ws/install/livox_ros_driver2/lib:/usr/lib/x86_64-linux-gnu/gazebo-11/plugins:/opt/ros/humble/opt/rviz_ogre_vendor/lib:/opt/ros/humble/lib/x86_64-linux-gnu:/opt/ros/humble/lib:/usr/local/lib:/usr/local/include /usr/bin/cmake --build /home/cmyhj/Documents/homework-2025-v1.1/release/answer2/build/robot_bt_navigator -- -j32 -l32
[11.500s] DEBUG:colcon.colcon_core.event_handler.log_command:Invoked command in '/home/cmyhj/Documents/homework-2025-v1.1/release/answer2/build/robot_bt_decision_maker' returned '0': AMENT_PREFIX_PATH=/home/cmyhj/Documents/homework-2025-v1.1/release/answer2/install/robot_behavior_tree:${AMENT_PREFIX_PATH} CMAKE_PREFIX_PATH=/home/cmyhj/Documents/homework-2025-v1.1/release/answer2/install/robot_behavior_tree:/home/cmyhj/Documents/rm/sentry/livox_ws/install/livox_ros_driver2:/opt/ros/humble LD_LIBRARY_PATH=/home/cmyhj/Documents/homework-2025-v1.1/release/answer2/install/robot_behavior_tree/lib:/home/cmyhj/Documents/rm/sentry/livox_ws/install/livox_sdk2/lib:/home/cmyhj/Documents/rm/sentry/livox_ws/install/livox_ros_driver2/lib:/usr/lib/x86_64-linux-gnu/gazebo-11/plugins:/opt/ros/humble/opt/rviz_ogre_vendor/lib:/opt/ros/humble/lib/x86_64-linux-gnu:/opt/ros/humble/lib:/usr/local/lib:/usr/local/include /usr/bin/cmake --build /home/cmyhj/Documents/homework-2025-v1.1/release/answer2/build/robot_bt_decision_maker -- -j32 -l32
[11.501s] DEBUG:colcon.colcon_core.event_handler.log_command:Invoking command in '/home/cmyhj/Documents/homework-2025-v1.1/release/answer2/build/robot_bt_decision_maker': AMENT_PREFIX_PATH=/home/cmyhj/Documents/homework-2025-v1.1/release/answer2/install/robot_behavior_tree:${AMENT_PREFIX_PATH} CMAKE_PREFIX_PATH=/home/cmyhj/Documents/homework-2025-v1.1/release/answer2/install/robot_behavior_tree:/home/cmyhj/Documents/rm/sentry/livox_ws/install/livox_ros_driver2:/opt/ros/humble LD_LIBRARY_PATH=/home/cmyhj/Documents/homework-2025-v1.1/release/answer2/install/robot_behavior_tree/lib:/home/cmyhj/Documents/rm/sentry/livox_ws/install/livox_sdk2/lib:/home/cmyhj/Documents/rm/sentry/livox_ws/install/livox_ros_driver2/lib:/usr/lib/x86_64-linux-gnu/gazebo-11/plugins:/opt/ros/humble/opt/rviz_ogre_vendor/lib:/opt/ros/humble/lib/x86_64-linux-gnu:/opt/ros/humble/lib:/usr/local/lib:/usr/local/include /usr/bin/cmake --install /home/cmyhj/Documents/homework-2025-v1.1/release/answer2/build/robot_bt_decision_maker
[11.509s] Level 1:colcon.colcon_core.environment:create_environment_scripts_only(robot_bt_decision_maker)
[11.509s] Level 1:colcon.colcon_core.environment:checking '/home/cmyhj/Documents/homework-2025-v1.1/release/answer2/install/robot_bt_decision_maker' for CMake module files
[11.509s] DEBUG:colcon.colcon_core.event_handler.log_command:Invoked command in '/home/cmyhj/Documents/homework-2025-v1.1/release/answer2/build/robot_bt_decision_maker' returned '0': AMENT_PREFIX_PATH=/home/cmyhj/Documents/homework-2025-v1.1/release/answer2/install/robot_behavior_tree:${AMENT_PREFIX_PATH} CMAKE_PREFIX_PATH=/home/cmyhj/Documents/homework-2025-v1.1/release/answer2/install/robot_behavior_tree:/home/cmyhj/Documents/rm/sentry/livox_ws/install/livox_ros_driver2:/opt/ros/humble LD_LIBRARY_PATH=/home/cmyhj/Documents/homework-2025-v1.1/release/answer2/install/robot_behavior_tree/lib:/home/cmyhj/Documents/rm/sentry/livox_ws/install/livox_sdk2/lib:/home/cmyhj/Documents/rm/sentry/livox_ws/install/livox_ros_driver2/lib:/usr/lib/x86_64-linux-gnu/gazebo-11/plugins:/opt/ros/humble/opt/rviz_ogre_vendor/lib:/opt/ros/humble/lib/x86_64-linux-gnu:/opt/ros/humble/lib:/usr/local/lib:/usr/local/include /usr/bin/cmake --install /home/cmyhj/Documents/homework-2025-v1.1/release/answer2/build/robot_bt_decision_maker
[11.509s] Level 1:colcon.colcon_core.environment:checking '/home/cmyhj/Documents/homework-2025-v1.1/release/answer2/install/robot_bt_decision_maker' for CMake config files
[11.510s] Level 1:colcon.colcon_core.shell:create_environment_hook('robot_bt_decision_maker', 'cmake_prefix_path')
[11.510s] INFO:colcon.colcon_core.shell:Creating environment hook '/home/cmyhj/Documents/homework-2025-v1.1/release/answer2/install/robot_bt_decision_maker/share/robot_bt_decision_maker/hook/cmake_prefix_path.ps1'
[11.510s] INFO:colcon.colcon_core.shell:Creating environment descriptor '/home/cmyhj/Documents/homework-2025-v1.1/release/answer2/install/robot_bt_decision_maker/share/robot_bt_decision_maker/hook/cmake_prefix_path.dsv'
[11.510s] INFO:colcon.colcon_core.shell:Creating environment hook '/home/cmyhj/Documents/homework-2025-v1.1/release/answer2/install/robot_bt_decision_maker/share/robot_bt_decision_maker/hook/cmake_prefix_path.sh'
[11.510s] Level 1:colcon.colcon_core.environment:checking '/home/cmyhj/Documents/homework-2025-v1.1/release/answer2/install/robot_bt_decision_maker/lib'
[11.510s] Level 1:colcon.colcon_core.environment:checking '/home/cmyhj/Documents/homework-2025-v1.1/release/answer2/install/robot_bt_decision_maker/bin'
[11.510s] Level 1:colcon.colcon_core.environment:checking '/home/cmyhj/Documents/homework-2025-v1.1/release/answer2/install/robot_bt_decision_maker/lib/pkgconfig/robot_bt_decision_maker.pc'
[11.510s] Level 1:colcon.colcon_core.environment:checking '/home/cmyhj/Documents/homework-2025-v1.1/release/answer2/install/robot_bt_decision_maker/lib/python3.10/site-packages'
[11.511s] Level 1:colcon.colcon_core.environment:checking '/home/cmyhj/Documents/homework-2025-v1.1/release/answer2/install/robot_bt_decision_maker/bin'
[11.511s] INFO:colcon.colcon_core.shell:Creating package script '/home/cmyhj/Documents/homework-2025-v1.1/release/answer2/install/robot_bt_decision_maker/share/robot_bt_decision_maker/package.ps1'
[11.511s] INFO:colcon.colcon_core.shell:Creating package descriptor '/home/cmyhj/Documents/homework-2025-v1.1/release/answer2/install/robot_bt_decision_maker/share/robot_bt_decision_maker/package.dsv'
[11.511s] INFO:colcon.colcon_core.shell:Creating package script '/home/cmyhj/Documents/homework-2025-v1.1/release/answer2/install/robot_bt_decision_maker/share/robot_bt_decision_maker/package.sh'
[11.511s] INFO:colcon.colcon_core.shell:Creating package script '/home/cmyhj/Documents/homework-2025-v1.1/release/answer2/install/robot_bt_decision_maker/share/robot_bt_decision_maker/package.bash'
[11.511s] INFO:colcon.colcon_core.shell:Creating package script '/home/cmyhj/Documents/homework-2025-v1.1/release/answer2/install/robot_bt_decision_maker/share/robot_bt_decision_maker/package.zsh'
[11.511s] Level 1:colcon.colcon_core.environment:create_file_with_runtime_dependencies(/home/cmyhj/Documents/homework-2025-v1.1/release/answer2/install/robot_bt_decision_maker/share/colcon-core/packages/robot_bt_decision_maker)
[11.512s] Level 1:colcon.colcon_core.environment:create_environment_scripts_only(robot_bt_decision_maker)
[11.512s] Level 1:colcon.colcon_core.environment:checking '/home/cmyhj/Documents/homework-2025-v1.1/release/answer2/install/robot_bt_decision_maker' for CMake module files
[11.512s] Level 1:colcon.colcon_core.environment:checking '/home/cmyhj/Documents/homework-2025-v1.1/release/answer2/install/robot_bt_decision_maker' for CMake config files
[11.512s] Level 1:colcon.colcon_core.shell:create_environment_hook('robot_bt_decision_maker', 'cmake_prefix_path')
[11.512s] INFO:colcon.colcon_core.shell:Creating environment hook '/home/cmyhj/Documents/homework-2025-v1.1/release/answer2/install/robot_bt_decision_maker/share/robot_bt_decision_maker/hook/cmake_prefix_path.ps1'
[11.512s] INFO:colcon.colcon_core.shell:Creating environment descriptor '/home/cmyhj/Documents/homework-2025-v1.1/release/answer2/install/robot_bt_decision_maker/share/robot_bt_decision_maker/hook/cmake_prefix_path.dsv'
[11.513s] INFO:colcon.colcon_core.shell:Creating environment hook '/home/cmyhj/Documents/homework-2025-v1.1/release/answer2/install/robot_bt_decision_maker/share/robot_bt_decision_maker/hook/cmake_prefix_path.sh'
[11.513s] Level 1:colcon.colcon_core.environment:checking '/home/cmyhj/Documents/homework-2025-v1.1/release/answer2/install/robot_bt_decision_maker/lib'
[11.513s] Level 1:colcon.colcon_core.environment:checking '/home/cmyhj/Documents/homework-2025-v1.1/release/answer2/install/robot_bt_decision_maker/bin'
[11.513s] Level 1:colcon.colcon_core.environment:checking '/home/cmyhj/Documents/homework-2025-v1.1/release/answer2/install/robot_bt_decision_maker/lib/pkgconfig/robot_bt_decision_maker.pc'
[11.513s] Level 1:colcon.colcon_core.environment:checking '/home/cmyhj/Documents/homework-2025-v1.1/release/answer2/install/robot_bt_decision_maker/lib/python3.10/site-packages'
[11.513s] Level 1:colcon.colcon_core.environment:checking '/home/cmyhj/Documents/homework-2025-v1.1/release/answer2/install/robot_bt_decision_maker/bin'
[11.513s] INFO:colcon.colcon_core.shell:Creating package script '/home/cmyhj/Documents/homework-2025-v1.1/release/answer2/install/robot_bt_decision_maker/share/robot_bt_decision_maker/package.ps1'
[11.513s] INFO:colcon.colcon_core.shell:Creating package descriptor '/home/cmyhj/Documents/homework-2025-v1.1/release/answer2/install/robot_bt_decision_maker/share/robot_bt_decision_maker/package.dsv'
[11.513s] INFO:colcon.colcon_core.shell:Creating package script '/home/cmyhj/Documents/homework-2025-v1.1/release/answer2/install/robot_bt_decision_maker/share/robot_bt_decision_maker/package.sh'
[11.514s] INFO:colcon.colcon_core.shell:Creating package script '/home/cmyhj/Documents/homework-2025-v1.1/release/answer2/install/robot_bt_decision_maker/share/robot_bt_decision_maker/package.bash'
[11.514s] INFO:colcon.colcon_core.shell:Creating package script '/home/cmyhj/Documents/homework-2025-v1.1/release/answer2/install/robot_bt_decision_maker/share/robot_bt_decision_maker/package.zsh'
[11.514s] Level 1:colcon.colcon_core.environment:create_file_with_runtime_dependencies(/home/cmyhj/Documents/homework-2025-v1.1/release/answer2/install/robot_bt_decision_maker/share/colcon-core/packages/robot_bt_decision_maker)
[19.767s] DEBUG:colcon.colcon_core.event_handler.log_command:Invoked command in '/home/cmyhj/Documents/homework-2025-v1.1/release/answer2/build/robot_bt_navigator' returned '0': AMENT_PREFIX_PATH=/home/cmyhj/Documents/homework-2025-v1.1/release/answer2/install/robot_behavior_tree:${AMENT_PREFIX_PATH} CMAKE_PREFIX_PATH=/home/cmyhj/Documents/homework-2025-v1.1/release/answer2/install/robot_behavior_tree:/home/cmyhj/Documents/rm/sentry/livox_ws/install/livox_ros_driver2:/opt/ros/humble LD_LIBRARY_PATH=/home/cmyhj/Documents/homework-2025-v1.1/release/answer2/install/robot_behavior_tree/lib:/home/cmyhj/Documents/rm/sentry/livox_ws/install/livox_sdk2/lib:/home/cmyhj/Documents/rm/sentry/livox_ws/install/livox_ros_driver2/lib:/usr/lib/x86_64-linux-gnu/gazebo-11/plugins:/opt/ros/humble/opt/rviz_ogre_vendor/lib:/opt/ros/humble/lib/x86_64-linux-gnu:/opt/ros/humble/lib:/usr/local/lib:/usr/local/include /usr/bin/cmake --build /home/cmyhj/Documents/homework-2025-v1.1/release/answer2/build/robot_bt_navigator -- -j32 -l32
[19.768s] DEBUG:colcon.colcon_core.event_handler.log_command:Invoking command in '/home/cmyhj/Documents/homework-2025-v1.1/release/answer2/build/robot_bt_navigator': AMENT_PREFIX_PATH=/home/cmyhj/Documents/homework-2025-v1.1/release/answer2/install/robot_behavior_tree:${AMENT_PREFIX_PATH} CMAKE_PREFIX_PATH=/home/cmyhj/Documents/homework-2025-v1.1/release/answer2/install/robot_behavior_tree:/home/cmyhj/Documents/rm/sentry/livox_ws/install/livox_ros_driver2:/opt/ros/humble LD_LIBRARY_PATH=/home/cmyhj/Documents/homework-2025-v1.1/release/answer2/install/robot_behavior_tree/lib:/home/cmyhj/Documents/rm/sentry/livox_ws/install/livox_sdk2/lib:/home/cmyhj/Documents/rm/sentry/livox_ws/install/livox_ros_driver2/lib:/usr/lib/x86_64-linux-gnu/gazebo-11/plugins:/opt/ros/humble/opt/rviz_ogre_vendor/lib:/opt/ros/humble/lib/x86_64-linux-gnu:/opt/ros/humble/lib:/usr/local/lib:/usr/local/include /usr/bin/cmake --install /home/cmyhj/Documents/homework-2025-v1.1/release/answer2/build/robot_bt_navigator
[19.780s] Level 1:colcon.colcon_core.environment:create_environment_scripts_only(robot_bt_navigator)
[19.780s] DEBUG:colcon.colcon_core.event_handler.log_command:Invoked command in '/home/cmyhj/Documents/homework-2025-v1.1/release/answer2/build/robot_bt_navigator' returned '0': AMENT_PREFIX_PATH=/home/cmyhj/Documents/homework-2025-v1.1/release/answer2/install/robot_behavior_tree:${AMENT_PREFIX_PATH} CMAKE_PREFIX_PATH=/home/cmyhj/Documents/homework-2025-v1.1/release/answer2/install/robot_behavior_tree:/home/cmyhj/Documents/rm/sentry/livox_ws/install/livox_ros_driver2:/opt/ros/humble LD_LIBRARY_PATH=/home/cmyhj/Documents/homework-2025-v1.1/release/answer2/install/robot_behavior_tree/lib:/home/cmyhj/Documents/rm/sentry/livox_ws/install/livox_sdk2/lib:/home/cmyhj/Documents/rm/sentry/livox_ws/install/livox_ros_driver2/lib:/usr/lib/x86_64-linux-gnu/gazebo-11/plugins:/opt/ros/humble/opt/rviz_ogre_vendor/lib:/opt/ros/humble/lib/x86_64-linux-gnu:/opt/ros/humble/lib:/usr/local/lib:/usr/local/include /usr/bin/cmake --install /home/cmyhj/Documents/homework-2025-v1.1/release/answer2/build/robot_bt_navigator
[19.780s] Level 1:colcon.colcon_core.environment:checking '/home/cmyhj/Documents/homework-2025-v1.1/release/answer2/install/robot_bt_navigator' for CMake module files
[19.781s] Level 1:colcon.colcon_core.environment:checking '/home/cmyhj/Documents/homework-2025-v1.1/release/answer2/install/robot_bt_navigator' for CMake config files
[19.781s] Level 1:colcon.colcon_core.shell:create_environment_hook('robot_bt_navigator', 'cmake_prefix_path')
[19.781s] INFO:colcon.colcon_core.shell:Creating environment hook '/home/cmyhj/Documents/homework-2025-v1.1/release/answer2/install/robot_bt_navigator/share/robot_bt_navigator/hook/cmake_prefix_path.ps1'
[19.781s] INFO:colcon.colcon_core.shell:Creating environment descriptor '/home/cmyhj/Documents/homework-2025-v1.1/release/answer2/install/robot_bt_navigator/share/robot_bt_navigator/hook/cmake_prefix_path.dsv'
[19.781s] INFO:colcon.colcon_core.shell:Creating environment hook '/home/cmyhj/Documents/homework-2025-v1.1/release/answer2/install/robot_bt_navigator/share/robot_bt_navigator/hook/cmake_prefix_path.sh'
[19.782s] Level 1:colcon.colcon_core.environment:checking '/home/cmyhj/Documents/homework-2025-v1.1/release/answer2/install/robot_bt_navigator/lib'
[19.782s] Level 1:colcon.colcon_core.shell:create_environment_hook('robot_bt_navigator', 'ld_library_path_lib')
[19.782s] INFO:colcon.colcon_core.shell:Creating environment hook '/home/cmyhj/Documents/homework-2025-v1.1/release/answer2/install/robot_bt_navigator/share/robot_bt_navigator/hook/ld_library_path_lib.ps1'
[19.782s] INFO:colcon.colcon_core.shell:Creating environment descriptor '/home/cmyhj/Documents/homework-2025-v1.1/release/answer2/install/robot_bt_navigator/share/robot_bt_navigator/hook/ld_library_path_lib.dsv'
[19.783s] INFO:colcon.colcon_core.shell:Creating environment hook '/home/cmyhj/Documents/homework-2025-v1.1/release/answer2/install/robot_bt_navigator/share/robot_bt_navigator/hook/ld_library_path_lib.sh'
[19.783s] Level 1:colcon.colcon_core.environment:checking '/home/cmyhj/Documents/homework-2025-v1.1/release/answer2/install/robot_bt_navigator/bin'
[19.783s] Level 1:colcon.colcon_core.environment:checking '/home/cmyhj/Documents/homework-2025-v1.1/release/answer2/install/robot_bt_navigator/lib/pkgconfig/robot_bt_navigator.pc'
[19.783s] Level 1:colcon.colcon_core.environment:checking '/home/cmyhj/Documents/homework-2025-v1.1/release/answer2/install/robot_bt_navigator/lib/python3.10/site-packages'
[19.783s] Level 1:colcon.colcon_core.environment:checking '/home/cmyhj/Documents/homework-2025-v1.1/release/answer2/install/robot_bt_navigator/bin'
[19.784s] INFO:colcon.colcon_core.shell:Creating package script '/home/cmyhj/Documents/homework-2025-v1.1/release/answer2/install/robot_bt_navigator/share/robot_bt_navigator/package.ps1'
[19.784s] INFO:colcon.colcon_core.shell:Creating package descriptor '/home/cmyhj/Documents/homework-2025-v1.1/release/answer2/install/robot_bt_navigator/share/robot_bt_navigator/package.dsv'
[19.784s] INFO:colcon.colcon_core.shell:Creating package script '/home/cmyhj/Documents/homework-2025-v1.1/release/answer2/install/robot_bt_navigator/share/robot_bt_navigator/package.sh'
[19.785s] INFO:colcon.colcon_core.shell:Creating package script '/home/cmyhj/Documents/homework-2025-v1.1/release/answer2/install/robot_bt_navigator/share/robot_bt_navigator/package.bash'
[19.785s] INFO:colcon.colcon_core.shell:Creating package script '/home/cmyhj/Documents/homework-2025-v1.1/release/answer2/install/robot_bt_navigator/share/robot_bt_navigator/package.zsh'
[19.785s] Level 1:colcon.colcon_core.environment:create_file_with_runtime_dependencies(/home/cmyhj/Documents/homework-2025-v1.1/release/answer2/install/robot_bt_navigator/share/colcon-core/packages/robot_bt_navigator)
[19.786s] Level 1:colcon.colcon_core.environment:create_environment_scripts_only(robot_bt_navigator)
[19.786s] Level 1:colcon.colcon_core.environment:checking '/home/cmyhj/Documents/homework-2025-v1.1/release/answer2/install/robot_bt_navigator' for CMake module files
[19.786s] Level 1:colcon.colcon_core.environment:checking '/home/cmyhj/Documents/homework-2025-v1.1/release/answer2/install/robot_bt_navigator' for CMake config files
[19.786s] Level 1:colcon.colcon_core.shell:create_environment_hook('robot_bt_navigator', 'cmake_prefix_path')
[19.786s] INFO:colcon.colcon_core.shell:Creating environment hook '/home/cmyhj/Documents/homework-2025-v1.1/release/answer2/install/robot_bt_navigator/share/robot_bt_navigator/hook/cmake_prefix_path.ps1'
[19.787s] INFO:colcon.colcon_core.shell:Creating environment descriptor '/home/cmyhj/Documents/homework-2025-v1.1/release/answer2/install/robot_bt_navigator/share/robot_bt_navigator/hook/cmake_prefix_path.dsv'
[19.787s] INFO:colcon.colcon_core.shell:Creating environment hook '/home/cmyhj/Documents/homework-2025-v1.1/release/answer2/install/robot_bt_navigator/share/robot_bt_navigator/hook/cmake_prefix_path.sh'
[19.787s] Level 1:colcon.colcon_core.environment:checking '/home/cmyhj/Documents/homework-2025-v1.1/release/answer2/install/robot_bt_navigator/lib'
[19.787s] Level 1:colcon.colcon_core.shell:create_environment_hook('robot_bt_navigator', 'ld_library_path_lib')
[19.787s] INFO:colcon.colcon_core.shell:Creating environment hook '/home/cmyhj/Documents/homework-2025-v1.1/release/answer2/install/robot_bt_navigator/share/robot_bt_navigator/hook/ld_library_path_lib.ps1'
[19.787s] INFO:colcon.colcon_core.shell:Creating environment descriptor '/home/cmyhj/Documents/homework-2025-v1.1/release/answer2/install/robot_bt_navigator/share/robot_bt_navigator/hook/ld_library_path_lib.dsv'
[19.788s] INFO:colcon.colcon_core.shell:Creating environment hook '/home/cmyhj/Documents/homework-2025-v1.1/release/answer2/install/robot_bt_navigator/share/robot_bt_navigator/hook/ld_library_path_lib.sh'
[19.788s] Level 1:colcon.colcon_core.environment:checking '/home/cmyhj/Documents/homework-2025-v1.1/release/answer2/install/robot_bt_navigator/bin'
[19.788s] Level 1:colcon.colcon_core.environment:checking '/home/cmyhj/Documents/homework-2025-v1.1/release/answer2/install/robot_bt_navigator/lib/pkgconfig/robot_bt_navigator.pc'
[19.788s] Level 1:colcon.colcon_core.environment:checking '/home/cmyhj/Documents/homework-2025-v1.1/release/answer2/install/robot_bt_navigator/lib/python3.10/site-packages'
[19.788s] Level 1:colcon.colcon_core.environment:checking '/home/cmyhj/Documents/homework-2025-v1.1/release/answer2/install/robot_bt_navigator/bin'
[19.788s] INFO:colcon.colcon_core.shell:Creating package script '/home/cmyhj/Documents/homework-2025-v1.1/release/answer2/install/robot_bt_navigator/share/robot_bt_navigator/package.ps1'
[19.789s] INFO:colcon.colcon_core.shell:Creating package descriptor '/home/cmyhj/Documents/homework-2025-v1.1/release/answer2/install/robot_bt_navigator/share/robot_bt_navigator/package.dsv'
[19.789s] INFO:colcon.colcon_core.shell:Creating package script '/home/cmyhj/Documents/homework-2025-v1.1/release/answer2/install/robot_bt_navigator/share/robot_bt_navigator/package.sh'
[19.789s] INFO:colcon.colcon_core.shell:Creating package script '/home/cmyhj/Documents/homework-2025-v1.1/release/answer2/install/robot_bt_navigator/share/robot_bt_navigator/package.bash'
[19.790s] INFO:colcon.colcon_core.shell:Creating package script '/home/cmyhj/Documents/homework-2025-v1.1/release/answer2/install/robot_bt_navigator/share/robot_bt_navigator/package.zsh'
[19.790s] Level 1:colcon.colcon_core.environment:create_file_with_runtime_dependencies(/home/cmyhj/Documents/homework-2025-v1.1/release/answer2/install/robot_bt_navigator/share/colcon-core/packages/robot_bt_navigator)
[19.790s] DEBUG:colcon.colcon_parallel_executor.executor.parallel:closing loop
[19.790s] DEBUG:colcon.colcon_parallel_executor.executor.parallel:loop closed
[19.791s] DEBUG:colcon.colcon_parallel_executor.executor.parallel:run_until_complete finished with '0'
[19.791s] DEBUG:colcon.colcon_core.event_reactor:joining thread
[19.795s] INFO:colcon.colcon_core.plugin_system:Skipping extension 'colcon_notification.desktop_notification.terminal_notifier': Not used on non-Darwin systems
[19.795s] INFO:colcon.colcon_core.plugin_system:Skipping extension 'colcon_notification.desktop_notification.win32': Not used on non-Windows systems
[19.795s] INFO:colcon.colcon_notification.desktop_notification:Sending desktop notification using 'notify2'
[19.807s] DEBUG:colcon.colcon_core.event_reactor:joined thread
[19.807s] INFO:colcon.colcon_core.shell:Creating prefix script '/home/cmyhj/Documents/homework-2025-v1.1/release/answer2/install/local_setup.ps1'
[19.808s] INFO:colcon.colcon_core.shell:Creating prefix util module '/home/cmyhj/Documents/homework-2025-v1.1/release/answer2/install/_local_setup_util_ps1.py'
[19.810s] INFO:colcon.colcon_core.shell:Creating prefix chain script '/home/cmyhj/Documents/homework-2025-v1.1/release/answer2/install/setup.ps1'
[19.811s] INFO:colcon.colcon_core.shell:Creating prefix script '/home/cmyhj/Documents/homework-2025-v1.1/release/answer2/install/local_setup.sh'
[19.811s] INFO:colcon.colcon_core.shell:Creating prefix util module '/home/cmyhj/Documents/homework-2025-v1.1/release/answer2/install/_local_setup_util_sh.py'
[19.812s] INFO:colcon.colcon_core.shell:Creating prefix chain script '/home/cmyhj/Documents/homework-2025-v1.1/release/answer2/install/setup.sh'
[19.812s] INFO:colcon.colcon_core.shell:Creating prefix script '/home/cmyhj/Documents/homework-2025-v1.1/release/answer2/install/local_setup.bash'
[19.813s] INFO:colcon.colcon_core.shell:Creating prefix chain script '/home/cmyhj/Documents/homework-2025-v1.1/release/answer2/install/setup.bash'
[19.813s] INFO:colcon.colcon_core.shell:Creating prefix script '/home/cmyhj/Documents/homework-2025-v1.1/release/answer2/install/local_setup.zsh'
[19.814s] INFO:colcon.colcon_core.shell:Creating prefix chain script '/home/cmyhj/Documents/homework-2025-v1.1/release/answer2/install/setup.zsh'
