-- Found ament_cmake: 1.3.11 (/opt/ros/humble/share/ament_cmake/cmake)
-- Found rclcpp: 16.0.11 (/opt/ros/humble/share/rclcpp/cmake)
-- Found rosidl_generator_c: 3.1.6 (/opt/ros/humble/share/rosidl_generator_c/cmake)
-- Found rosidl_adapter: 3.1.6 (/opt/ros/humble/share/rosidl_adapter/cmake)
-- Found rosidl_generator_cpp: 3.1.6 (/opt/ros/humble/share/rosidl_generator_cpp/cmake)
-- Using all available rosidl_typesupport_c: rosidl_typesupport_fastrtps_c;rosidl_typesupport_introspection_c
-- Using all available rosidl_typesupport_cpp: rosidl_typesupport_fastrtps_cpp;rosidl_typesupport_introspection_cpp
-- Found rmw_implementation_cmake: 6.1.2 (/opt/ros/humble/share/rmw_implementation_cmake/cmake)
-- Found rmw_fastrtps_cpp: 6.2.7 (/opt/ros/humble/share/rmw_fastrtps_cpp/cmake)
-- Using RMW implementation 'rmw_fastrtps_cpp' as default
-- Found nav2_behavior_tree: 1.1.17 (/opt/ros/humble/share/nav2_behavior_tree/cmake)
-- Found eigen3_cmake_module: 0.1.1 (/opt/ros/humble/share/eigen3_cmake_module/cmake)
-- Ensuring Eigen3 include directory is part of orocos-kdl CMake target
-- Found ament_lint_auto: 0.12.11 (/opt/ros/humble/share/ament_lint_auto/cmake)
-- Added test 'cppcheck' to perform static code analysis on C / C++ code
-- Configured cppcheck include dirs: /home/cmyhj/Documents/homework-2025-v1.1/release/answer2/src/robot_behavior_tree/include
-- Configured cppcheck exclude dirs and/or files: 
-- Added test 'lint_cmake' to check CMake code style
-- Added test 'uncrustify' to check C / C++ code style
-- Configured uncrustify additional arguments: 
-- Added test 'xmllint' to check XML markup files
-- Configuring done
-- Generating done
-- Build files have been written to: /home/cmyhj/Documents/homework-2025-v1.1/release/answer2/build/robot_behavior_tree
[ 25%] [32mBuilding CXX object CMakeFiles/aim_enemy_action_bt_node.dir/plugins/action/aim_enemy.cpp.o[0m
[ 50%] [32mBuilding CXX object CMakeFiles/update_map_info_action_bt_node.dir/plugins/action/update_map_info.cpp.o[0m
[ 75%] [32m[1mLinking CXX shared library libaim_enemy_action_bt_node.so[0m
[ 75%] Built target aim_enemy_action_bt_node
[100%] [32m[1mLinking CXX shared library libupdate_map_info_action_bt_node.so[0m
[100%] Built target update_map_info_action_bt_node
-- Install configuration: ""
-- Installing: /home/cmyhj/Documents/homework-2025-v1.1/release/answer2/install/robot_behavior_tree/lib/libaim_enemy_action_bt_node.so
-- Set runtime path of "/home/cmyhj/Documents/homework-2025-v1.1/release/answer2/install/robot_behavior_tree/lib/libaim_enemy_action_bt_node.so" to ""
-- Installing: /home/cmyhj/Documents/homework-2025-v1.1/release/answer2/install/robot_behavior_tree/lib/libupdate_map_info_action_bt_node.so
-- Set runtime path of "/home/cmyhj/Documents/homework-2025-v1.1/release/answer2/install/robot_behavior_tree/lib/libupdate_map_info_action_bt_node.so" to ""
-- Installing: /home/cmyhj/Documents/homework-2025-v1.1/release/answer2/install/robot_behavior_tree/include/
-- Installing: /home/cmyhj/Documents/homework-2025-v1.1/release/answer2/install/robot_behavior_tree/include//robot_behavior_tree
-- Installing: /home/cmyhj/Documents/homework-2025-v1.1/release/answer2/install/robot_behavior_tree/include//robot_behavior_tree/plugins
-- Installing: /home/cmyhj/Documents/homework-2025-v1.1/release/answer2/install/robot_behavior_tree/include//robot_behavior_tree/plugins/condition
-- Installing: /home/cmyhj/Documents/homework-2025-v1.1/release/answer2/install/robot_behavior_tree/include//robot_behavior_tree/plugins/action
-- Installing: /home/cmyhj/Documents/homework-2025-v1.1/release/answer2/install/robot_behavior_tree/include//robot_behavior_tree/plugins/action/update_map_info.hpp
-- Installing: /home/cmyhj/Documents/homework-2025-v1.1/release/answer2/install/robot_behavior_tree/include//robot_behavior_tree/plugins/action/aim_enemy.hpp
-- Installing: /home/cmyhj/Documents/homework-2025-v1.1/release/answer2/install/robot_behavior_tree/share/robot_behavior_tree/nav2_tree_nodes.xml
-- Installing: /home/cmyhj/Documents/homework-2025-v1.1/release/answer2/install/robot_behavior_tree/share/robot_behavior_tree/environment/library_path.sh
-- Installing: /home/cmyhj/Documents/homework-2025-v1.1/release/answer2/install/robot_behavior_tree/share/robot_behavior_tree/environment/library_path.dsv
-- Installing: /home/cmyhj/Documents/homework-2025-v1.1/release/answer2/install/robot_behavior_tree/share/ament_index/resource_index/package_run_dependencies/robot_behavior_tree
-- Installing: /home/cmyhj/Documents/homework-2025-v1.1/release/answer2/install/robot_behavior_tree/share/ament_index/resource_index/parent_prefix_path/robot_behavior_tree
-- Installing: /home/cmyhj/Documents/homework-2025-v1.1/release/answer2/install/robot_behavior_tree/share/robot_behavior_tree/environment/ament_prefix_path.sh
-- Installing: /home/cmyhj/Documents/homework-2025-v1.1/release/answer2/install/robot_behavior_tree/share/robot_behavior_tree/environment/ament_prefix_path.dsv
-- Installing: /home/cmyhj/Documents/homework-2025-v1.1/release/answer2/install/robot_behavior_tree/share/robot_behavior_tree/environment/path.sh
-- Installing: /home/cmyhj/Documents/homework-2025-v1.1/release/answer2/install/robot_behavior_tree/share/robot_behavior_tree/environment/path.dsv
-- Installing: /home/cmyhj/Documents/homework-2025-v1.1/release/answer2/install/robot_behavior_tree/share/robot_behavior_tree/local_setup.bash
-- Installing: /home/cmyhj/Documents/homework-2025-v1.1/release/answer2/install/robot_behavior_tree/share/robot_behavior_tree/local_setup.sh
-- Installing: /home/cmyhj/Documents/homework-2025-v1.1/release/answer2/install/robot_behavior_tree/share/robot_behavior_tree/local_setup.zsh
-- Installing: /home/cmyhj/Documents/homework-2025-v1.1/release/answer2/install/robot_behavior_tree/share/robot_behavior_tree/local_setup.dsv
-- Installing: /home/cmyhj/Documents/homework-2025-v1.1/release/answer2/install/robot_behavior_tree/share/robot_behavior_tree/package.dsv
-- Installing: /home/cmyhj/Documents/homework-2025-v1.1/release/answer2/install/robot_behavior_tree/share/ament_index/resource_index/packages/robot_behavior_tree
-- Installing: /home/cmyhj/Documents/homework-2025-v1.1/release/answer2/install/robot_behavior_tree/share/robot_behavior_tree/cmake/ament_cmake_export_include_directories-extras.cmake
-- Installing: /home/cmyhj/Documents/homework-2025-v1.1/release/answer2/install/robot_behavior_tree/share/robot_behavior_tree/cmake/ament_cmake_export_libraries-extras.cmake
-- Installing: /home/cmyhj/Documents/homework-2025-v1.1/release/answer2/install/robot_behavior_tree/share/robot_behavior_tree/cmake/ament_cmake_export_dependencies-extras.cmake
-- Installing: /home/cmyhj/Documents/homework-2025-v1.1/release/answer2/install/robot_behavior_tree/share/robot_behavior_tree/cmake/robot_behavior_treeConfig.cmake
-- Installing: /home/cmyhj/Documents/homework-2025-v1.1/release/answer2/install/robot_behavior_tree/share/robot_behavior_tree/cmake/robot_behavior_treeConfig-version.cmake
-- Installing: /home/cmyhj/Documents/homework-2025-v1.1/release/answer2/install/robot_behavior_tree/share/robot_behavior_tree/package.xml
