[0.011s] Invoking command in '/home/cmyhj/Documents/homework-2025-v1.1/release/answer2/build/robot_behavior_tree': CMAKE_PREFIX_PATH=${CMAKE_PREFIX_PATH}:/opt/ros/humble /usr/bin/cmake /home/cmyhj/Documents/homework-2025-v1.1/release/answer2/src/robot_behavior_tree -DCMAKE_INSTALL_PREFIX=/home/cmyhj/Documents/homework-2025-v1.1/release/answer2/install/robot_behavior_tree
[0.024s] -- Found ament_cmake: 1.3.11 (/opt/ros/humble/share/ament_cmake/cmake)
[0.089s] -- Found rclcpp: 16.0.11 (/opt/ros/humble/share/rclcpp/cmake)
[0.103s] -- Found rosidl_generator_c: 3.1.6 (/opt/ros/humble/share/rosidl_generator_c/cmake)
[0.104s] -- Found rosidl_adapter: 3.1.6 (/opt/ros/humble/share/rosidl_adapter/cmake)
[0.107s] -- Found rosidl_generator_cpp: 3.1.6 (/opt/ros/humble/share/rosidl_generator_cpp/cmake)
[0.112s] -- Using all available rosidl_typesupport_c: rosidl_typesupport_fastrtps_c;rosidl_typesupport_introspection_c
[0.117s] -- Using all available rosidl_typesupport_cpp: rosidl_typesupport_fastrtps_cpp;rosidl_typesupport_introspection_cpp
[0.132s] -- Found rmw_implementation_cmake: 6.1.2 (/opt/ros/humble/share/rmw_implementation_cmake/cmake)
[0.132s] -- Found rmw_fastrtps_cpp: 6.2.7 (/opt/ros/humble/share/rmw_fastrtps_cpp/cmake)
[0.186s] -- Using RMW implementation 'rmw_fastrtps_cpp' as default
[0.209s] -- Found nav2_behavior_tree: 1.1.17 (/opt/ros/humble/share/nav2_behavior_tree/cmake)
[0.292s] -- Found eigen3_cmake_module: 0.1.1 (/opt/ros/humble/share/eigen3_cmake_module/cmake)
[0.293s] -- Ensuring Eigen3 include directory is part of orocos-kdl CMake target
[0.330s] -- Found ament_lint_auto: 0.12.11 (/opt/ros/humble/share/ament_lint_auto/cmake)
[0.370s] -- Added test 'cppcheck' to perform static code analysis on C / C++ code
[0.370s] -- Configured cppcheck include dirs: /home/cmyhj/Documents/homework-2025-v1.1/release/answer2/src/robot_behavior_tree/include
[0.370s] -- Configured cppcheck exclude dirs and/or files: 
[0.370s] -- Added test 'lint_cmake' to check CMake code style
[0.371s] -- Added test 'uncrustify' to check C / C++ code style
[0.371s] -- Configured uncrustify additional arguments: 
[0.371s] -- Added test 'xmllint' to check XML markup files
[0.372s] -- Configuring done
[0.401s] -- Generating done
[0.405s] -- Build files have been written to: /home/cmyhj/Documents/homework-2025-v1.1/release/answer2/build/robot_behavior_tree
[0.412s] Invoked command in '/home/cmyhj/Documents/homework-2025-v1.1/release/answer2/build/robot_behavior_tree' returned '0': CMAKE_PREFIX_PATH=${CMAKE_PREFIX_PATH}:/opt/ros/humble /usr/bin/cmake /home/cmyhj/Documents/homework-2025-v1.1/release/answer2/src/robot_behavior_tree -DCMAKE_INSTALL_PREFIX=/home/cmyhj/Documents/homework-2025-v1.1/release/answer2/install/robot_behavior_tree
[0.412s] Invoking command in '/home/cmyhj/Documents/homework-2025-v1.1/release/answer2/build/robot_behavior_tree': CMAKE_PREFIX_PATH=${CMAKE_PREFIX_PATH}:/opt/ros/humble /usr/bin/cmake --build /home/cmyhj/Documents/homework-2025-v1.1/release/answer2/build/robot_behavior_tree -- -j32 -l32
[0.447s] [ 25%] [32mBuilding CXX object CMakeFiles/aim_enemy_action_bt_node.dir/plugins/action/aim_enemy.cpp.o[0m
[0.447s] [ 50%] [32mBuilding CXX object CMakeFiles/update_map_info_action_bt_node.dir/plugins/action/update_map_info.cpp.o[0m
[2.947s] [ 75%] [32m[1mLinking CXX shared library libaim_enemy_action_bt_node.so[0m
[3.116s] [ 75%] Built target aim_enemy_action_bt_node
[4.584s] [100%] [32m[1mLinking CXX shared library libupdate_map_info_action_bt_node.so[0m
[4.893s] [100%] Built target update_map_info_action_bt_node
[4.902s] Invoked command in '/home/cmyhj/Documents/homework-2025-v1.1/release/answer2/build/robot_behavior_tree' returned '0': CMAKE_PREFIX_PATH=${CMAKE_PREFIX_PATH}:/opt/ros/humble /usr/bin/cmake --build /home/cmyhj/Documents/homework-2025-v1.1/release/answer2/build/robot_behavior_tree -- -j32 -l32
[4.903s] Invoking command in '/home/cmyhj/Documents/homework-2025-v1.1/release/answer2/build/robot_behavior_tree': CMAKE_PREFIX_PATH=${CMAKE_PREFIX_PATH}:/opt/ros/humble /usr/bin/cmake --install /home/cmyhj/Documents/homework-2025-v1.1/release/answer2/build/robot_behavior_tree
[4.911s] -- Install configuration: ""
[4.911s] -- Installing: /home/cmyhj/Documents/homework-2025-v1.1/release/answer2/install/robot_behavior_tree/lib/libaim_enemy_action_bt_node.so
[4.912s] -- Set runtime path of "/home/cmyhj/Documents/homework-2025-v1.1/release/answer2/install/robot_behavior_tree/lib/libaim_enemy_action_bt_node.so" to ""
[4.912s] -- Installing: /home/cmyhj/Documents/homework-2025-v1.1/release/answer2/install/robot_behavior_tree/lib/libupdate_map_info_action_bt_node.so
[4.917s] -- Set runtime path of "/home/cmyhj/Documents/homework-2025-v1.1/release/answer2/install/robot_behavior_tree/lib/libupdate_map_info_action_bt_node.so" to ""
[4.917s] -- Installing: /home/cmyhj/Documents/homework-2025-v1.1/release/answer2/install/robot_behavior_tree/include/
[4.917s] -- Installing: /home/cmyhj/Documents/homework-2025-v1.1/release/answer2/install/robot_behavior_tree/include//robot_behavior_tree
[4.917s] -- Installing: /home/cmyhj/Documents/homework-2025-v1.1/release/answer2/install/robot_behavior_tree/include//robot_behavior_tree/plugins
[4.918s] -- Installing: /home/cmyhj/Documents/homework-2025-v1.1/release/answer2/install/robot_behavior_tree/include//robot_behavior_tree/plugins/condition
[4.918s] -- Installing: /home/cmyhj/Documents/homework-2025-v1.1/release/answer2/install/robot_behavior_tree/include//robot_behavior_tree/plugins/action
[4.918s] -- Installing: /home/cmyhj/Documents/homework-2025-v1.1/release/answer2/install/robot_behavior_tree/include//robot_behavior_tree/plugins/action/update_map_info.hpp
[4.918s] -- Installing: /home/cmyhj/Documents/homework-2025-v1.1/release/answer2/install/robot_behavior_tree/include//robot_behavior_tree/plugins/action/aim_enemy.hpp
[4.918s] -- Installing: /home/cmyhj/Documents/homework-2025-v1.1/release/answer2/install/robot_behavior_tree/share/robot_behavior_tree/nav2_tree_nodes.xml
[4.918s] -- Installing: /home/cmyhj/Documents/homework-2025-v1.1/release/answer2/install/robot_behavior_tree/share/robot_behavior_tree/environment/library_path.sh
[4.919s] -- Installing: /home/cmyhj/Documents/homework-2025-v1.1/release/answer2/install/robot_behavior_tree/share/robot_behavior_tree/environment/library_path.dsv
[4.919s] -- Installing: /home/cmyhj/Documents/homework-2025-v1.1/release/answer2/install/robot_behavior_tree/share/ament_index/resource_index/package_run_dependencies/robot_behavior_tree
[4.919s] -- Installing: /home/cmyhj/Documents/homework-2025-v1.1/release/answer2/install/robot_behavior_tree/share/ament_index/resource_index/parent_prefix_path/robot_behavior_tree
[4.919s] -- Installing: /home/cmyhj/Documents/homework-2025-v1.1/release/answer2/install/robot_behavior_tree/share/robot_behavior_tree/environment/ament_prefix_path.sh
[4.919s] -- Installing: /home/cmyhj/Documents/homework-2025-v1.1/release/answer2/install/robot_behavior_tree/share/robot_behavior_tree/environment/ament_prefix_path.dsv
[4.919s] -- Installing: /home/cmyhj/Documents/homework-2025-v1.1/release/answer2/install/robot_behavior_tree/share/robot_behavior_tree/environment/path.sh
[4.919s] -- Installing: /home/cmyhj/Documents/homework-2025-v1.1/release/answer2/install/robot_behavior_tree/share/robot_behavior_tree/environment/path.dsv
[4.919s] -- Installing: /home/cmyhj/Documents/homework-2025-v1.1/release/answer2/install/robot_behavior_tree/share/robot_behavior_tree/local_setup.bash
[4.920s] -- Installing: /home/cmyhj/Documents/homework-2025-v1.1/release/answer2/install/robot_behavior_tree/share/robot_behavior_tree/local_setup.sh
[4.920s] -- Installing: /home/cmyhj/Documents/homework-2025-v1.1/release/answer2/install/robot_behavior_tree/share/robot_behavior_tree/local_setup.zsh
[4.920s] -- Installing: /home/cmyhj/Documents/homework-2025-v1.1/release/answer2/install/robot_behavior_tree/share/robot_behavior_tree/local_setup.dsv
[4.920s] -- Installing: /home/cmyhj/Documents/homework-2025-v1.1/release/answer2/install/robot_behavior_tree/share/robot_behavior_tree/package.dsv
[4.920s] -- Installing: /home/cmyhj/Documents/homework-2025-v1.1/release/answer2/install/robot_behavior_tree/share/ament_index/resource_index/packages/robot_behavior_tree
[4.920s] -- Installing: /home/cmyhj/Documents/homework-2025-v1.1/release/answer2/install/robot_behavior_tree/share/robot_behavior_tree/cmake/ament_cmake_export_include_directories-extras.cmake
[4.921s] -- Installing: /home/cmyhj/Documents/homework-2025-v1.1/release/answer2/install/robot_behavior_tree/share/robot_behavior_tree/cmake/ament_cmake_export_libraries-extras.cmake
[4.921s] -- Installing: /home/cmyhj/Documents/homework-2025-v1.1/release/answer2/install/robot_behavior_tree/share/robot_behavior_tree/cmake/ament_cmake_export_dependencies-extras.cmake
[4.921s] -- Installing: /home/cmyhj/Documents/homework-2025-v1.1/release/answer2/install/robot_behavior_tree/share/robot_behavior_tree/cmake/robot_behavior_treeConfig.cmake
[4.921s] -- Installing: /home/cmyhj/Documents/homework-2025-v1.1/release/answer2/install/robot_behavior_tree/share/robot_behavior_tree/cmake/robot_behavior_treeConfig-version.cmake
[4.921s] -- Installing: /home/cmyhj/Documents/homework-2025-v1.1/release/answer2/install/robot_behavior_tree/share/robot_behavior_tree/package.xml
[4.921s] Invoked command in '/home/cmyhj/Documents/homework-2025-v1.1/release/answer2/build/robot_behavior_tree' returned '0': CMAKE_PREFIX_PATH=${CMAKE_PREFIX_PATH}:/opt/ros/humble /usr/bin/cmake --install /home/cmyhj/Documents/homework-2025-v1.1/release/answer2/build/robot_behavior_tree
