[0.005s] Invoking command in '/home/cmyhj/Documents/homework-2025-v1.1/release/answer2/build/robot_bt_decision_maker': AMENT_PREFIX_PATH=/home/cmyhj/Documents/homework-2025-v1.1/release/answer2/install/robot_behavior_tree:${AMENT_PREFIX_PATH} CMAKE_PREFIX_PATH=/home/cmyhj/Documents/homework-2025-v1.1/release/answer2/install/robot_behavior_tree:/home/cmyhj/Documents/rm/sentry/livox_ws/install/livox_ros_driver2:/opt/ros/humble LD_LIBRARY_PATH=/home/cmyhj/Documents/homework-2025-v1.1/release/answer2/install/robot_behavior_tree/lib:/home/cmyhj/Documents/rm/sentry/livox_ws/install/livox_sdk2/lib:/home/cmyhj/Documents/rm/sentry/livox_ws/install/livox_ros_driver2/lib:/usr/lib/x86_64-linux-gnu/gazebo-11/plugins:/opt/ros/humble/opt/rviz_ogre_vendor/lib:/opt/ros/humble/lib/x86_64-linux-gnu:/opt/ros/humble/lib:/usr/local/lib:/usr/local/include /usr/bin/cmake /home/cmyhj/Documents/homework-2025-v1.1/release/answer2/src/robot_bt_decision_maker -DCMAKE_INSTALL_PREFIX=/home/cmyhj/Documents/homework-2025-v1.1/release/answer2/install/robot_bt_decision_maker
[0.045s] -- The C compiler identification is GNU 11.4.0
[0.091s] -- The CXX compiler identification is GNU 11.4.0
[0.095s] -- Detecting C compiler ABI info
[0.138s] -- Detecting C compiler ABI info - done
[0.142s] -- Check for working C compiler: /usr/bin/cc - skipped
[0.142s] -- Detecting C compile features
[0.142s] -- Detecting C compile features - done
[0.144s] -- Detecting CXX compiler ABI info
[0.204s] -- Detecting CXX compiler ABI info - done
[0.207s] -- Check for working CXX compiler: /usr/bin/c++ - skipped
[0.207s] -- Detecting CXX compile features
[0.208s] -- Detecting CXX compile features - done
[0.209s] -- Found ament_cmake: 1.3.11 (/opt/ros/humble/share/ament_cmake/cmake)
[0.298s] -- Found Python3: /usr/bin/python3 (found version "3.10.12") found components: Interpreter 
[0.346s] -- Found rclcpp: 16.0.11 (/opt/ros/humble/share/rclcpp/cmake)
[0.367s] -- Found rosidl_generator_c: 3.1.6 (/opt/ros/humble/share/rosidl_generator_c/cmake)
[0.370s] -- Found rosidl_adapter: 3.1.6 (/opt/ros/humble/share/rosidl_adapter/cmake)
[0.373s] -- Found rosidl_generator_cpp: 3.1.6 (/opt/ros/humble/share/rosidl_generator_cpp/cmake)
[0.379s] -- Using all available rosidl_typesupport_c: rosidl_typesupport_fastrtps_c;rosidl_typesupport_introspection_c
[0.387s] -- Using all available rosidl_typesupport_cpp: rosidl_typesupport_fastrtps_cpp;rosidl_typesupport_introspection_cpp
[0.407s] -- Found rmw_implementation_cmake: 6.1.2 (/opt/ros/humble/share/rmw_implementation_cmake/cmake)
[0.408s] -- Found rmw_fastrtps_cpp: 6.2.7 (/opt/ros/humble/share/rmw_fastrtps_cpp/cmake)
[0.478s] -- Found OpenSSL: /usr/lib/x86_64-linux-gnu/libcrypto.so (found version "3.0.2")  
[0.498s] -- Found FastRTPS: /opt/ros/humble/include  
[0.522s] -- Using RMW implementation 'rmw_fastrtps_cpp' as default
[0.527s] -- Looking for pthread.h
[0.584s] -- Looking for pthread.h - found
[0.584s] -- Performing Test CMAKE_HAVE_LIBC_PTHREAD
[0.633s] -- Performing Test CMAKE_HAVE_LIBC_PTHREAD - Success
[0.633s] -- Found Threads: TRUE  
[0.660s] -- Found robot_behavior_tree: 0.0.0 (/home/cmyhj/Documents/homework-2025-v1.1/release/answer2/install/robot_behavior_tree/share/robot_behavior_tree/cmake)
[0.768s] -- Found eigen3_cmake_module: 0.1.1 (/opt/ros/humble/share/eigen3_cmake_module/cmake)
[0.769s] -- Found Eigen3: TRUE (found version "3.4.0") 
[0.769s] -- Ensuring Eigen3 include directory is part of orocos-kdl CMake target
[0.798s] -- Found ament_lint_auto: 0.12.11 (/opt/ros/humble/share/ament_lint_auto/cmake)
[0.837s] -- Added test 'cppcheck' to perform static code analysis on C / C++ code
[0.838s] -- Configured cppcheck include dirs: 
[0.838s] -- Configured cppcheck exclude dirs and/or files: 
[0.838s] -- Added test 'flake8' to check Python code syntax and style conventions
[0.838s] -- Added test 'lint_cmake' to check CMake code style
[0.838s] -- Added test 'pep257' to check Python code against some of the docstring style conventions in PEP 257
[0.838s] -- Added test 'uncrustify' to check C / C++ code style
[0.838s] -- Configured uncrustify additional arguments: 
[0.838s] -- Added test 'xmllint' to check XML markup files
[0.854s] -- Configuring done
[0.871s] -- Generating done
[0.874s] -- Build files have been written to: /home/cmyhj/Documents/homework-2025-v1.1/release/answer2/build/robot_bt_decision_maker
[0.881s] Invoked command in '/home/cmyhj/Documents/homework-2025-v1.1/release/answer2/build/robot_bt_decision_maker' returned '0': AMENT_PREFIX_PATH=/home/cmyhj/Documents/homework-2025-v1.1/release/answer2/install/robot_behavior_tree:${AMENT_PREFIX_PATH} CMAKE_PREFIX_PATH=/home/cmyhj/Documents/homework-2025-v1.1/release/answer2/install/robot_behavior_tree:/home/cmyhj/Documents/rm/sentry/livox_ws/install/livox_ros_driver2:/opt/ros/humble LD_LIBRARY_PATH=/home/cmyhj/Documents/homework-2025-v1.1/release/answer2/install/robot_behavior_tree/lib:/home/cmyhj/Documents/rm/sentry/livox_ws/install/livox_sdk2/lib:/home/cmyhj/Documents/rm/sentry/livox_ws/install/livox_ros_driver2/lib:/usr/lib/x86_64-linux-gnu/gazebo-11/plugins:/opt/ros/humble/opt/rviz_ogre_vendor/lib:/opt/ros/humble/lib/x86_64-linux-gnu:/opt/ros/humble/lib:/usr/local/lib:/usr/local/include /usr/bin/cmake /home/cmyhj/Documents/homework-2025-v1.1/release/answer2/src/robot_bt_decision_maker -DCMAKE_INSTALL_PREFIX=/home/cmyhj/Documents/homework-2025-v1.1/release/answer2/install/robot_bt_decision_maker
[0.881s] Invoking command in '/home/cmyhj/Documents/homework-2025-v1.1/release/answer2/build/robot_bt_decision_maker': AMENT_PREFIX_PATH=/home/cmyhj/Documents/homework-2025-v1.1/release/answer2/install/robot_behavior_tree:${AMENT_PREFIX_PATH} CMAKE_PREFIX_PATH=/home/cmyhj/Documents/homework-2025-v1.1/release/answer2/install/robot_behavior_tree:/home/cmyhj/Documents/rm/sentry/livox_ws/install/livox_ros_driver2:/opt/ros/humble LD_LIBRARY_PATH=/home/cmyhj/Documents/homework-2025-v1.1/release/answer2/install/robot_behavior_tree/lib:/home/cmyhj/Documents/rm/sentry/livox_ws/install/livox_sdk2/lib:/home/cmyhj/Documents/rm/sentry/livox_ws/install/livox_ros_driver2/lib:/usr/lib/x86_64-linux-gnu/gazebo-11/plugins:/opt/ros/humble/opt/rviz_ogre_vendor/lib:/opt/ros/humble/lib/x86_64-linux-gnu:/opt/ros/humble/lib:/usr/local/lib:/usr/local/include /usr/bin/cmake --build /home/cmyhj/Documents/homework-2025-v1.1/release/answer2/build/robot_bt_decision_maker -- -j32 -l32
[0.910s] [ 50%] [32mBuilding CXX object CMakeFiles/robot_bt_decision_maker_node.dir/src/robot_bt_decision_maker.cpp.o[0m
[6.002s] [100%] [32m[1mLinking CXX executable robot_bt_decision_maker_node[0m
[6.377s] [100%] Built target robot_bt_decision_maker_node
[6.386s] Invoked command in '/home/cmyhj/Documents/homework-2025-v1.1/release/answer2/build/robot_bt_decision_maker' returned '0': AMENT_PREFIX_PATH=/home/cmyhj/Documents/homework-2025-v1.1/release/answer2/install/robot_behavior_tree:${AMENT_PREFIX_PATH} CMAKE_PREFIX_PATH=/home/cmyhj/Documents/homework-2025-v1.1/release/answer2/install/robot_behavior_tree:/home/cmyhj/Documents/rm/sentry/livox_ws/install/livox_ros_driver2:/opt/ros/humble LD_LIBRARY_PATH=/home/cmyhj/Documents/homework-2025-v1.1/release/answer2/install/robot_behavior_tree/lib:/home/cmyhj/Documents/rm/sentry/livox_ws/install/livox_sdk2/lib:/home/cmyhj/Documents/rm/sentry/livox_ws/install/livox_ros_driver2/lib:/usr/lib/x86_64-linux-gnu/gazebo-11/plugins:/opt/ros/humble/opt/rviz_ogre_vendor/lib:/opt/ros/humble/lib/x86_64-linux-gnu:/opt/ros/humble/lib:/usr/local/lib:/usr/local/include /usr/bin/cmake --build /home/cmyhj/Documents/homework-2025-v1.1/release/answer2/build/robot_bt_decision_maker -- -j32 -l32
[6.387s] Invoking command in '/home/cmyhj/Documents/homework-2025-v1.1/release/answer2/build/robot_bt_decision_maker': AMENT_PREFIX_PATH=/home/cmyhj/Documents/homework-2025-v1.1/release/answer2/install/robot_behavior_tree:${AMENT_PREFIX_PATH} CMAKE_PREFIX_PATH=/home/cmyhj/Documents/homework-2025-v1.1/release/answer2/install/robot_behavior_tree:/home/cmyhj/Documents/rm/sentry/livox_ws/install/livox_ros_driver2:/opt/ros/humble LD_LIBRARY_PATH=/home/cmyhj/Documents/homework-2025-v1.1/release/answer2/install/robot_behavior_tree/lib:/home/cmyhj/Documents/rm/sentry/livox_ws/install/livox_sdk2/lib:/home/cmyhj/Documents/rm/sentry/livox_ws/install/livox_ros_driver2/lib:/usr/lib/x86_64-linux-gnu/gazebo-11/plugins:/opt/ros/humble/opt/rviz_ogre_vendor/lib:/opt/ros/humble/lib/x86_64-linux-gnu:/opt/ros/humble/lib:/usr/local/lib:/usr/local/include /usr/bin/cmake --install /home/cmyhj/Documents/homework-2025-v1.1/release/answer2/build/robot_bt_decision_maker
[6.391s] -- Install configuration: ""
[6.392s] -- Installing: /home/cmyhj/Documents/homework-2025-v1.1/release/answer2/install/robot_bt_decision_maker/share/ament_index/resource_index/package_run_dependencies/robot_bt_decision_maker
[6.392s] -- Installing: /home/cmyhj/Documents/homework-2025-v1.1/release/answer2/install/robot_bt_decision_maker/share/ament_index/resource_index/parent_prefix_path/robot_bt_decision_maker
[6.392s] -- Installing: /home/cmyhj/Documents/homework-2025-v1.1/release/answer2/install/robot_bt_decision_maker/share/robot_bt_decision_maker/environment/ament_prefix_path.sh
[6.392s] -- Installing: /home/cmyhj/Documents/homework-2025-v1.1/release/answer2/install/robot_bt_decision_maker/share/robot_bt_decision_maker/environment/ament_prefix_path.dsv
[6.392s] -- Installing: /home/cmyhj/Documents/homework-2025-v1.1/release/answer2/install/robot_bt_decision_maker/share/robot_bt_decision_maker/environment/path.sh
[6.392s] -- Installing: /home/cmyhj/Documents/homework-2025-v1.1/release/answer2/install/robot_bt_decision_maker/share/robot_bt_decision_maker/environment/path.dsv
[6.392s] -- Installing: /home/cmyhj/Documents/homework-2025-v1.1/release/answer2/install/robot_bt_decision_maker/share/robot_bt_decision_maker/local_setup.bash
[6.392s] -- Installing: /home/cmyhj/Documents/homework-2025-v1.1/release/answer2/install/robot_bt_decision_maker/share/robot_bt_decision_maker/local_setup.sh
[6.392s] -- Installing: /home/cmyhj/Documents/homework-2025-v1.1/release/answer2/install/robot_bt_decision_maker/share/robot_bt_decision_maker/local_setup.zsh
[6.392s] -- Installing: /home/cmyhj/Documents/homework-2025-v1.1/release/answer2/install/robot_bt_decision_maker/share/robot_bt_decision_maker/local_setup.dsv
[6.392s] -- Installing: /home/cmyhj/Documents/homework-2025-v1.1/release/answer2/install/robot_bt_decision_maker/share/robot_bt_decision_maker/package.dsv
[6.392s] -- Installing: /home/cmyhj/Documents/homework-2025-v1.1/release/answer2/install/robot_bt_decision_maker/share/ament_index/resource_index/packages/robot_bt_decision_maker
[6.392s] -- Installing: /home/cmyhj/Documents/homework-2025-v1.1/release/answer2/install/robot_bt_decision_maker/share/robot_bt_decision_maker/cmake/robot_bt_decision_makerConfig.cmake
[6.392s] -- Installing: /home/cmyhj/Documents/homework-2025-v1.1/release/answer2/install/robot_bt_decision_maker/share/robot_bt_decision_maker/cmake/robot_bt_decision_makerConfig-version.cmake
[6.392s] -- Installing: /home/cmyhj/Documents/homework-2025-v1.1/release/answer2/install/robot_bt_decision_maker/share/robot_bt_decision_maker/package.xml
[6.392s] -- Installing: /home/cmyhj/Documents/homework-2025-v1.1/release/answer2/install/robot_bt_decision_maker/lib/robot_bt_decision_maker/robot_bt_decision_maker_node
[6.394s] -- Set runtime path of "/home/cmyhj/Documents/homework-2025-v1.1/release/answer2/install/robot_bt_decision_maker/lib/robot_bt_decision_maker/robot_bt_decision_maker_node" to ""
[6.394s] -- Installing: /home/cmyhj/Documents/homework-2025-v1.1/release/answer2/install/robot_bt_decision_maker/share/robot_bt_decision_maker/behavior_trees
[6.394s] -- Installing: /home/cmyhj/Documents/homework-2025-v1.1/release/answer2/install/robot_bt_decision_maker/share/robot_bt_decision_maker/behavior_trees/AnswerBT.xml
[6.394s] -- Installing: /home/cmyhj/Documents/homework-2025-v1.1/release/answer2/install/robot_bt_decision_maker/share/robot_bt_decision_maker/launch
[6.394s] -- Installing: /home/cmyhj/Documents/homework-2025-v1.1/release/answer2/install/robot_bt_decision_maker/share/robot_bt_decision_maker/launch/robot_bt_decision_maker.launch.py
[6.396s] Invoked command in '/home/cmyhj/Documents/homework-2025-v1.1/release/answer2/build/robot_bt_decision_maker' returned '0': AMENT_PREFIX_PATH=/home/cmyhj/Documents/homework-2025-v1.1/release/answer2/install/robot_behavior_tree:${AMENT_PREFIX_PATH} CMAKE_PREFIX_PATH=/home/cmyhj/Documents/homework-2025-v1.1/release/answer2/install/robot_behavior_tree:/home/cmyhj/Documents/rm/sentry/livox_ws/install/livox_ros_driver2:/opt/ros/humble LD_LIBRARY_PATH=/home/cmyhj/Documents/homework-2025-v1.1/release/answer2/install/robot_behavior_tree/lib:/home/cmyhj/Documents/rm/sentry/livox_ws/install/livox_sdk2/lib:/home/cmyhj/Documents/rm/sentry/livox_ws/install/livox_ros_driver2/lib:/usr/lib/x86_64-linux-gnu/gazebo-11/plugins:/opt/ros/humble/opt/rviz_ogre_vendor/lib:/opt/ros/humble/lib/x86_64-linux-gnu:/opt/ros/humble/lib:/usr/local/lib:/usr/local/include /usr/bin/cmake --install /home/cmyhj/Documents/homework-2025-v1.1/release/answer2/build/robot_bt_decision_maker
