[35m[1mConsolidate compiler generated dependencies of target img_process_node[0m
[100%] Built target img_process_node
-- Install configuration: ""
-- Installing: /home/cmyhj/Documents/homework-2025-v1.1/release/answer2/install/img_process/lib/img_process/img_process_node
-- Set runtime path of "/home/cmyhj/Documents/homework-2025-v1.1/release/answer2/install/img_process/lib/img_process/img_process_node" to ""
-- Installing: /home/cmyhj/Documents/homework-2025-v1.1/release/answer2/install/img_process/share/ament_index/resource_index/package_run_dependencies/img_process
-- Installing: /home/cmyhj/Documents/homework-2025-v1.1/release/answer2/install/img_process/share/ament_index/resource_index/parent_prefix_path/img_process
-- Installing: /home/cmyhj/Documents/homework-2025-v1.1/release/answer2/install/img_process/share/img_process/environment/ament_prefix_path.sh
-- Installing: /home/cmyhj/Documents/homework-2025-v1.1/release/answer2/install/img_process/share/img_process/environment/ament_prefix_path.dsv
-- Installing: /home/cmyhj/Documents/homework-2025-v1.1/release/answer2/install/img_process/share/img_process/environment/path.sh
-- Installing: /home/cmyhj/Documents/homework-2025-v1.1/release/answer2/install/img_process/share/img_process/environment/path.dsv
-- Installing: /home/cmyhj/Documents/homework-2025-v1.1/release/answer2/install/img_process/share/img_process/local_setup.bash
-- Installing: /home/cmyhj/Documents/homework-2025-v1.1/release/answer2/install/img_process/share/img_process/local_setup.sh
-- Installing: /home/cmyhj/Documents/homework-2025-v1.1/release/answer2/install/img_process/share/img_process/local_setup.zsh
-- Installing: /home/cmyhj/Documents/homework-2025-v1.1/release/answer2/install/img_process/share/img_process/local_setup.dsv
-- Installing: /home/cmyhj/Documents/homework-2025-v1.1/release/answer2/install/img_process/share/img_process/package.dsv
-- Installing: /home/cmyhj/Documents/homework-2025-v1.1/release/answer2/install/img_process/share/ament_index/resource_index/packages/img_process
-- Installing: /home/cmyhj/Documents/homework-2025-v1.1/release/answer2/install/img_process/share/img_process/cmake/ament_cmake_export_dependencies-extras.cmake
-- Installing: /home/cmyhj/Documents/homework-2025-v1.1/release/answer2/install/img_process/share/img_process/cmake/img_processConfig.cmake
-- Installing: /home/cmyhj/Documents/homework-2025-v1.1/release/answer2/install/img_process/share/img_process/cmake/img_processConfig-version.cmake
-- Installing: /home/cmyhj/Documents/homework-2025-v1.1/release/answer2/install/img_process/share/img_process/package.xml
-- Installing: /home/cmyhj/Documents/homework-2025-v1.1/release/answer2/install/img_process/share/img_process/launch
-- Installing: /home/cmyhj/Documents/homework-2025-v1.1/release/answer2/install/img_process/share/img_process/launch/img_proess_node.launch.py
-- Installing: /home/cmyhj/Documents/homework-2025-v1.1/release/answer2/install/img_process/share/img_process/launch/rviz_launch.py
-- Installing: /home/cmyhj/Documents/homework-2025-v1.1/release/answer2/install/img_process/share/img_process/launch/navigation_launch.py
-- Installing: /home/cmyhj/Documents/homework-2025-v1.1/release/answer2/install/img_process/share/img_process/launch/serial.launch.py
-- Installing: /home/cmyhj/Documents/homework-2025-v1.1/release/answer2/install/img_process/share/img_process/launch/bringup_launch.py
-- Installing: /home/cmyhj/Documents/homework-2025-v1.1/release/answer2/install/img_process/share/img_process/launch/sentry.launch.py
-- Installing: /home/cmyhj/Documents/homework-2025-v1.1/release/answer2/install/img_process/share/img_process/config
-- Installing: /home/cmyhj/Documents/homework-2025-v1.1/release/answer2/install/img_process/share/img_process/config/nav2_params.yaml
-- Installing: /home/cmyhj/Documents/homework-2025-v1.1/release/answer2/install/img_process/share/img_process/config/rviz_config.rviz
-- Installing: /home/cmyhj/Documents/homework-2025-v1.1/release/answer2/install/img_process/share/img_process/config/nav2_default_view.rviz
-- Installing: /home/cmyhj/Documents/homework-2025-v1.1/release/answer2/install/img_process/share/img_process/images
-- Installing: /home/cmyhj/Documents/homework-2025-v1.1/release/answer2/install/img_process/share/img_process/images/test.png
