[100%] Built target img_process_node
-- Install configuration: ""
-- Up-to-date: /home/cmyhj/Documents/homework-2025-v1.1/release/answer2/install/img_process/lib/img_process/img_process_node
-- Up-to-date: /home/cmyhj/Documents/homework-2025-v1.1/release/answer2/install/img_process/share/ament_index/resource_index/package_run_dependencies/img_process
-- Up-to-date: /home/cmyhj/Documents/homework-2025-v1.1/release/answer2/install/img_process/share/ament_index/resource_index/parent_prefix_path/img_process
-- Up-to-date: /home/cmyhj/Documents/homework-2025-v1.1/release/answer2/install/img_process/share/img_process/environment/ament_prefix_path.sh
-- Up-to-date: /home/cmyhj/Documents/homework-2025-v1.1/release/answer2/install/img_process/share/img_process/environment/ament_prefix_path.dsv
-- Up-to-date: /home/cmyhj/Documents/homework-2025-v1.1/release/answer2/install/img_process/share/img_process/environment/path.sh
-- Up-to-date: /home/cmyhj/Documents/homework-2025-v1.1/release/answer2/install/img_process/share/img_process/environment/path.dsv
-- Up-to-date: /home/cmyhj/Documents/homework-2025-v1.1/release/answer2/install/img_process/share/img_process/local_setup.bash
-- Up-to-date: /home/cmyhj/Documents/homework-2025-v1.1/release/answer2/install/img_process/share/img_process/local_setup.sh
-- Up-to-date: /home/cmyhj/Documents/homework-2025-v1.1/release/answer2/install/img_process/share/img_process/local_setup.zsh
-- Up-to-date: /home/cmyhj/Documents/homework-2025-v1.1/release/answer2/install/img_process/share/img_process/local_setup.dsv
-- Installing: /home/cmyhj/Documents/homework-2025-v1.1/release/answer2/install/img_process/share/img_process/package.dsv
-- Up-to-date: /home/cmyhj/Documents/homework-2025-v1.1/release/answer2/install/img_process/share/ament_index/resource_index/packages/img_process
-- Up-to-date: /home/cmyhj/Documents/homework-2025-v1.1/release/answer2/install/img_process/share/img_process/cmake/ament_cmake_export_dependencies-extras.cmake
-- Up-to-date: /home/cmyhj/Documents/homework-2025-v1.1/release/answer2/install/img_process/share/img_process/cmake/img_processConfig.cmake
-- Up-to-date: /home/cmyhj/Documents/homework-2025-v1.1/release/answer2/install/img_process/share/img_process/cmake/img_processConfig-version.cmake
-- Up-to-date: /home/cmyhj/Documents/homework-2025-v1.1/release/answer2/install/img_process/share/img_process/package.xml
-- Up-to-date: /home/cmyhj/Documents/homework-2025-v1.1/release/answer2/install/img_process/share/img_process/launch
-- Up-to-date: /home/cmyhj/Documents/homework-2025-v1.1/release/answer2/install/img_process/share/img_process/launch/img_proess_node.launch.py
-- Up-to-date: /home/cmyhj/Documents/homework-2025-v1.1/release/answer2/install/img_process/share/img_process/launch/rviz_launch.py
-- Up-to-date: /home/cmyhj/Documents/homework-2025-v1.1/release/answer2/install/img_process/share/img_process/launch/navigation_launch.py
-- Up-to-date: /home/cmyhj/Documents/homework-2025-v1.1/release/answer2/install/img_process/share/img_process/launch/serial.launch.py
-- Up-to-date: /home/cmyhj/Documents/homework-2025-v1.1/release/answer2/install/img_process/share/img_process/launch/bringup_launch.py
-- Up-to-date: /home/cmyhj/Documents/homework-2025-v1.1/release/answer2/install/img_process/share/img_process/launch/sentry.launch.py
-- Up-to-date: /home/cmyhj/Documents/homework-2025-v1.1/release/answer2/install/img_process/share/img_process/config
-- Up-to-date: /home/cmyhj/Documents/homework-2025-v1.1/release/answer2/install/img_process/share/img_process/config/nav2_params.yaml
-- Up-to-date: /home/cmyhj/Documents/homework-2025-v1.1/release/answer2/install/img_process/share/img_process/config/rviz_config.rviz
-- Up-to-date: /home/cmyhj/Documents/homework-2025-v1.1/release/answer2/install/img_process/share/img_process/config/nav2_default_view.rviz
-- Up-to-date: /home/cmyhj/Documents/homework-2025-v1.1/release/answer2/install/img_process/share/img_process/images
-- Up-to-date: /home/cmyhj/Documents/homework-2025-v1.1/release/answer2/install/img_process/share/img_process/images/test.png
