[0.011s] Invoking command in '/home/cmyhj/Documents/homework-2025-v1.1/release/answer2/build/img_process': CMAKE_PREFIX_PATH=${CMAKE_PREFIX_PATH}:/opt/ros/humble /usr/bin/cmake --build /home/cmyhj/Documents/homework-2025-v1.1/release/answer2/build/img_process -- -j32 -l32
[0.052s] [100%] Built target img_process_node
[0.061s] Invoked command in '/home/cmyhj/Documents/homework-2025-v1.1/release/answer2/build/img_process' returned '0': CMAKE_PREFIX_PATH=${CMAKE_PREFIX_PATH}:/opt/ros/humble /usr/bin/cmake --build /home/cmyhj/Documents/homework-2025-v1.1/release/answer2/build/img_process -- -j32 -l32
[0.065s] Invoking command in '/home/cmyhj/Documents/homework-2025-v1.1/release/answer2/build/img_process': CMAKE_PREFIX_PATH=${CMAKE_PREFIX_PATH}:/opt/ros/humble /usr/bin/cmake --install /home/cmyhj/Documents/homework-2025-v1.1/release/answer2/build/img_process
[0.069s] -- Install configuration: ""
[0.069s] -- Up-to-date: /home/cmyhj/Documents/homework-2025-v1.1/release/answer2/install/img_process/lib/img_process/img_process_node
[0.069s] -- Up-to-date: /home/cmyhj/Documents/homework-2025-v1.1/release/answer2/install/img_process/share/ament_index/resource_index/package_run_dependencies/img_process
[0.069s] -- Up-to-date: /home/cmyhj/Documents/homework-2025-v1.1/release/answer2/install/img_process/share/ament_index/resource_index/parent_prefix_path/img_process
[0.069s] -- Up-to-date: /home/cmyhj/Documents/homework-2025-v1.1/release/answer2/install/img_process/share/img_process/environment/ament_prefix_path.sh
[0.069s] -- Up-to-date: /home/cmyhj/Documents/homework-2025-v1.1/release/answer2/install/img_process/share/img_process/environment/ament_prefix_path.dsv
[0.069s] -- Up-to-date: /home/cmyhj/Documents/homework-2025-v1.1/release/answer2/install/img_process/share/img_process/environment/path.sh
[0.069s] -- Up-to-date: /home/cmyhj/Documents/homework-2025-v1.1/release/answer2/install/img_process/share/img_process/environment/path.dsv
[0.069s] -- Up-to-date: /home/cmyhj/Documents/homework-2025-v1.1/release/answer2/install/img_process/share/img_process/local_setup.bash
[0.070s] -- Up-to-date: /home/cmyhj/Documents/homework-2025-v1.1/release/answer2/install/img_process/share/img_process/local_setup.sh
[0.070s] -- Up-to-date: /home/cmyhj/Documents/homework-2025-v1.1/release/answer2/install/img_process/share/img_process/local_setup.zsh
[0.070s] -- Up-to-date: /home/cmyhj/Documents/homework-2025-v1.1/release/answer2/install/img_process/share/img_process/local_setup.dsv
[0.070s] -- Installing: /home/cmyhj/Documents/homework-2025-v1.1/release/answer2/install/img_process/share/img_process/package.dsv
[0.070s] -- Up-to-date: /home/cmyhj/Documents/homework-2025-v1.1/release/answer2/install/img_process/share/ament_index/resource_index/packages/img_process
[0.070s] -- Up-to-date: /home/cmyhj/Documents/homework-2025-v1.1/release/answer2/install/img_process/share/img_process/cmake/ament_cmake_export_dependencies-extras.cmake
[0.070s] -- Up-to-date: /home/cmyhj/Documents/homework-2025-v1.1/release/answer2/install/img_process/share/img_process/cmake/img_processConfig.cmake
[0.070s] -- Up-to-date: /home/cmyhj/Documents/homework-2025-v1.1/release/answer2/install/img_process/share/img_process/cmake/img_processConfig-version.cmake
[0.070s] -- Up-to-date: /home/cmyhj/Documents/homework-2025-v1.1/release/answer2/install/img_process/share/img_process/package.xml
[0.070s] -- Up-to-date: /home/cmyhj/Documents/homework-2025-v1.1/release/answer2/install/img_process/share/img_process/launch
[0.070s] -- Up-to-date: /home/cmyhj/Documents/homework-2025-v1.1/release/answer2/install/img_process/share/img_process/launch/img_proess_node.launch.py
[0.070s] -- Up-to-date: /home/cmyhj/Documents/homework-2025-v1.1/release/answer2/install/img_process/share/img_process/launch/rviz_launch.py
[0.070s] -- Up-to-date: /home/cmyhj/Documents/homework-2025-v1.1/release/answer2/install/img_process/share/img_process/launch/navigation_launch.py
[0.070s] -- Up-to-date: /home/cmyhj/Documents/homework-2025-v1.1/release/answer2/install/img_process/share/img_process/launch/serial.launch.py
[0.070s] -- Up-to-date: /home/cmyhj/Documents/homework-2025-v1.1/release/answer2/install/img_process/share/img_process/launch/bringup_launch.py
[0.070s] -- Up-to-date: /home/cmyhj/Documents/homework-2025-v1.1/release/answer2/install/img_process/share/img_process/launch/sentry.launch.py
[0.070s] -- Up-to-date: /home/cmyhj/Documents/homework-2025-v1.1/release/answer2/install/img_process/share/img_process/config
[0.070s] -- Up-to-date: /home/cmyhj/Documents/homework-2025-v1.1/release/answer2/install/img_process/share/img_process/config/nav2_params.yaml
[0.070s] -- Up-to-date: /home/cmyhj/Documents/homework-2025-v1.1/release/answer2/install/img_process/share/img_process/config/rviz_config.rviz
[0.071s] -- Up-to-date: /home/cmyhj/Documents/homework-2025-v1.1/release/answer2/install/img_process/share/img_process/config/nav2_default_view.rviz
[0.071s] -- Up-to-date: /home/cmyhj/Documents/homework-2025-v1.1/release/answer2/install/img_process/share/img_process/images
[0.071s] -- Up-to-date: /home/cmyhj/Documents/homework-2025-v1.1/release/answer2/install/img_process/share/img_process/images/test.png
[0.072s] Invoked command in '/home/cmyhj/Documents/homework-2025-v1.1/release/answer2/build/img_process' returned '0': CMAKE_PREFIX_PATH=${CMAKE_PREFIX_PATH}:/opt/ros/humble /usr/bin/cmake --install /home/cmyhj/Documents/homework-2025-v1.1/release/answer2/build/img_process
