[0.008s] Invoking command in '/home/cmyhj/Documents/homework-2025-v1.1/release/answer2/build/nav2_pure_pursuit_controller': CMAKE_PREFIX_PATH=${CMAKE_PREFIX_PATH}:/opt/ros/humble /usr/bin/cmake --build /home/cmyhj/Documents/homework-2025-v1.1/release/answer2/build/nav2_pure_pursuit_controller -- -j32 -l32
[0.036s] [35m[1mConsolidate compiler generated dependencies of target nav2_pure_pursuit_controller[0m
[0.047s] [100%] Built target nav2_pure_pursuit_controller
[0.060s] Invoked command in '/home/cmyhj/Documents/homework-2025-v1.1/release/answer2/build/nav2_pure_pursuit_controller' returned '0': CMAKE_PREFIX_PATH=${CMAKE_PREFIX_PATH}:/opt/ros/humble /usr/bin/cmake --build /home/cmyhj/Documents/homework-2025-v1.1/release/answer2/build/nav2_pure_pursuit_controller -- -j32 -l32
[0.061s] Invoking command in '/home/cmyhj/Documents/homework-2025-v1.1/release/answer2/build/nav2_pure_pursuit_controller': CMAKE_PREFIX_PATH=${CMAKE_PREFIX_PATH}:/opt/ros/humble /usr/bin/cmake --install /home/cmyhj/Documents/homework-2025-v1.1/release/answer2/build/nav2_pure_pursuit_controller
[0.067s] -- Install configuration: "Release"
[0.068s] -- Installing: /home/cmyhj/Documents/homework-2025-v1.1/release/answer2/install/nav2_pure_pursuit_controller/lib/libnav2_pure_pursuit_controller.so
[0.068s] -- Set runtime path of "/home/cmyhj/Documents/homework-2025-v1.1/release/answer2/install/nav2_pure_pursuit_controller/lib/libnav2_pure_pursuit_controller.so" to ""
[0.068s] -- Installing: /home/cmyhj/Documents/homework-2025-v1.1/release/answer2/install/nav2_pure_pursuit_controller/include/
[0.068s] -- Installing: /home/cmyhj/Documents/homework-2025-v1.1/release/answer2/install/nav2_pure_pursuit_controller/include//nav2_pure_pursuit_controller
[0.068s] -- Installing: /home/cmyhj/Documents/homework-2025-v1.1/release/answer2/install/nav2_pure_pursuit_controller/include//nav2_pure_pursuit_controller/pure_pursuit_controller.hpp
[0.068s] -- Installing: /home/cmyhj/Documents/homework-2025-v1.1/release/answer2/install/nav2_pure_pursuit_controller/share/nav2_pure_pursuit_controller/environment/library_path.sh
[0.068s] -- Installing: /home/cmyhj/Documents/homework-2025-v1.1/release/answer2/install/nav2_pure_pursuit_controller/share/nav2_pure_pursuit_controller/environment/library_path.dsv
[0.068s] -- Installing: /home/cmyhj/Documents/homework-2025-v1.1/release/answer2/install/nav2_pure_pursuit_controller/share/nav2_pure_pursuit_controller/nav2_pure_pursuit_controller.xml
[0.068s] -- Installing: /home/cmyhj/Documents/homework-2025-v1.1/release/answer2/install/nav2_pure_pursuit_controller/share/ament_index/resource_index/package_run_dependencies/nav2_pure_pursuit_controller
[0.068s] -- Installing: /home/cmyhj/Documents/homework-2025-v1.1/release/answer2/install/nav2_pure_pursuit_controller/share/ament_index/resource_index/parent_prefix_path/nav2_pure_pursuit_controller
[0.068s] -- Installing: /home/cmyhj/Documents/homework-2025-v1.1/release/answer2/install/nav2_pure_pursuit_controller/share/nav2_pure_pursuit_controller/environment/ament_prefix_path.sh
[0.068s] -- Installing: /home/cmyhj/Documents/homework-2025-v1.1/release/answer2/install/nav2_pure_pursuit_controller/share/nav2_pure_pursuit_controller/environment/ament_prefix_path.dsv
[0.068s] -- Installing: /home/cmyhj/Documents/homework-2025-v1.1/release/answer2/install/nav2_pure_pursuit_controller/share/nav2_pure_pursuit_controller/environment/path.sh
[0.068s] -- Installing: /home/cmyhj/Documents/homework-2025-v1.1/release/answer2/install/nav2_pure_pursuit_controller/share/nav2_pure_pursuit_controller/environment/path.dsv
[0.068s] -- Installing: /home/cmyhj/Documents/homework-2025-v1.1/release/answer2/install/nav2_pure_pursuit_controller/share/nav2_pure_pursuit_controller/local_setup.bash
[0.068s] -- Installing: /home/cmyhj/Documents/homework-2025-v1.1/release/answer2/install/nav2_pure_pursuit_controller/share/nav2_pure_pursuit_controller/local_setup.sh
[0.068s] -- Installing: /home/cmyhj/Documents/homework-2025-v1.1/release/answer2/install/nav2_pure_pursuit_controller/share/nav2_pure_pursuit_controller/local_setup.zsh
[0.068s] -- Installing: /home/cmyhj/Documents/homework-2025-v1.1/release/answer2/install/nav2_pure_pursuit_controller/share/nav2_pure_pursuit_controller/local_setup.dsv
[0.068s] -- Installing: /home/cmyhj/Documents/homework-2025-v1.1/release/answer2/install/nav2_pure_pursuit_controller/share/nav2_pure_pursuit_controller/package.dsv
[0.068s] -- Installing: /home/cmyhj/Documents/homework-2025-v1.1/release/answer2/install/nav2_pure_pursuit_controller/share/ament_index/resource_index/packages/nav2_pure_pursuit_controller
[0.068s] -- Installing: /home/cmyhj/Documents/homework-2025-v1.1/release/answer2/install/nav2_pure_pursuit_controller/share/ament_index/resource_index/nav2_core__pluginlib__plugin/nav2_pure_pursuit_controller
[0.069s] -- Installing: /home/cmyhj/Documents/homework-2025-v1.1/release/answer2/install/nav2_pure_pursuit_controller/share/nav2_pure_pursuit_controller/cmake/ament_cmake_export_include_directories-extras.cmake
[0.069s] -- Installing: /home/cmyhj/Documents/homework-2025-v1.1/release/answer2/install/nav2_pure_pursuit_controller/share/nav2_pure_pursuit_controller/cmake/ament_cmake_export_libraries-extras.cmake
[0.069s] -- Installing: /home/cmyhj/Documents/homework-2025-v1.1/release/answer2/install/nav2_pure_pursuit_controller/share/nav2_pure_pursuit_controller/cmake/ament_cmake_export_dependencies-extras.cmake
[0.069s] -- Installing: /home/cmyhj/Documents/homework-2025-v1.1/release/answer2/install/nav2_pure_pursuit_controller/share/nav2_pure_pursuit_controller/cmake/nav2_pure_pursuit_controllerConfig.cmake
[0.069s] -- Installing: /home/cmyhj/Documents/homework-2025-v1.1/release/answer2/install/nav2_pure_pursuit_controller/share/nav2_pure_pursuit_controller/cmake/nav2_pure_pursuit_controllerConfig-version.cmake
[0.069s] -- Installing: /home/cmyhj/Documents/homework-2025-v1.1/release/answer2/install/nav2_pure_pursuit_controller/share/nav2_pure_pursuit_controller/package.xml
[0.076s] Invoked command in '/home/cmyhj/Documents/homework-2025-v1.1/release/answer2/build/nav2_pure_pursuit_controller' returned '0': CMAKE_PREFIX_PATH=${CMAKE_PREFIX_PATH}:/opt/ros/humble /usr/bin/cmake --install /home/cmyhj/Documents/homework-2025-v1.1/release/answer2/build/nav2_pure_pursuit_controller
