[0.005s] Invoking command in '/home/cmyhj/Documents/homework-2025-v1.1/release/answer2/build/robot_bt_navigator': AMENT_PREFIX_PATH=/home/cmyhj/Documents/homework-2025-v1.1/release/answer2/install/robot_behavior_tree:${AMENT_PREFIX_PATH} CMAKE_PREFIX_PATH=/home/cmyhj/Documents/homework-2025-v1.1/release/answer2/install/robot_behavior_tree:/home/cmyhj/Documents/rm/sentry/livox_ws/install/livox_ros_driver2:/opt/ros/humble LD_LIBRARY_PATH=/home/cmyhj/Documents/homework-2025-v1.1/release/answer2/install/robot_behavior_tree/lib:/home/cmyhj/Documents/rm/sentry/livox_ws/install/livox_sdk2/lib:/home/cmyhj/Documents/rm/sentry/livox_ws/install/livox_ros_driver2/lib:/usr/lib/x86_64-linux-gnu/gazebo-11/plugins:/opt/ros/humble/opt/rviz_ogre_vendor/lib:/opt/ros/humble/lib/x86_64-linux-gnu:/opt/ros/humble/lib:/usr/local/lib:/usr/local/include /usr/bin/cmake /home/cmyhj/Documents/homework-2025-v1.1/release/answer2/src/robot_bt_navigator -DCMAKE_INSTALL_PREFIX=/home/cmyhj/Documents/homework-2025-v1.1/release/answer2/install/robot_bt_navigator
[0.052s] -- The C compiler identification is GNU 11.4.0
[0.092s] -- The CXX compiler identification is GNU 11.4.0
[0.096s] -- Detecting C compiler ABI info
[0.137s] -- Detecting C compiler ABI info - done
[0.140s] -- Check for working C compiler: /usr/bin/cc - skipped
[0.140s] -- Detecting C compile features
[0.140s] -- Detecting C compile features - done
[0.142s] -- Detecting CXX compiler ABI info
[0.202s] -- Detecting CXX compiler ABI info - done
[0.206s] -- Check for working CXX compiler: /usr/bin/c++ - skipped
[0.206s] -- Detecting CXX compile features
[0.206s] -- Detecting CXX compile features - done
[0.207s] -- Found ament_cmake: 1.3.11 (/opt/ros/humble/share/ament_cmake/cmake)
[0.295s] -- Found Python3: /usr/bin/python3 (found version "3.10.12") found components: Interpreter 
[0.344s] -- Found nav2_common: 1.1.17 (/opt/ros/humble/share/nav2_common/cmake)
[0.344s] -- Found rclcpp: 16.0.11 (/opt/ros/humble/share/rclcpp/cmake)
[0.365s] -- Found rosidl_generator_c: 3.1.6 (/opt/ros/humble/share/rosidl_generator_c/cmake)
[0.368s] -- Found rosidl_adapter: 3.1.6 (/opt/ros/humble/share/rosidl_adapter/cmake)
[0.372s] -- Found rosidl_generator_cpp: 3.1.6 (/opt/ros/humble/share/rosidl_generator_cpp/cmake)
[0.378s] -- Using all available rosidl_typesupport_c: rosidl_typesupport_fastrtps_c;rosidl_typesupport_introspection_c
[0.385s] -- Using all available rosidl_typesupport_cpp: rosidl_typesupport_fastrtps_cpp;rosidl_typesupport_introspection_cpp
[0.405s] -- Found rmw_implementation_cmake: 6.1.2 (/opt/ros/humble/share/rmw_implementation_cmake/cmake)
[0.407s] -- Found rmw_fastrtps_cpp: 6.2.7 (/opt/ros/humble/share/rmw_fastrtps_cpp/cmake)
[0.478s] -- Found OpenSSL: /usr/lib/x86_64-linux-gnu/libcrypto.so (found version "3.0.2")  
[0.494s] -- Found FastRTPS: /opt/ros/humble/include  
[0.522s] -- Using RMW implementation 'rmw_fastrtps_cpp' as default
[0.527s] -- Looking for pthread.h
[0.585s] -- Looking for pthread.h - found
[0.585s] -- Performing Test CMAKE_HAVE_LIBC_PTHREAD
[0.631s] -- Performing Test CMAKE_HAVE_LIBC_PTHREAD - Success
[0.632s] -- Found Threads: TRUE  
[0.659s] -- Found rclcpp_action: 16.0.11 (/opt/ros/humble/share/rclcpp_action/cmake)
[0.676s] -- Found rclcpp_lifecycle: 16.0.11 (/opt/ros/humble/share/rclcpp_lifecycle/cmake)
[0.686s] -- Found rclcpp_components: 16.0.11 (/opt/ros/humble/share/rclcpp_components/cmake)
[0.699s] -- Found geometry_msgs: 4.2.4 (/opt/ros/humble/share/geometry_msgs/cmake)
[0.706s] -- Found nav2_behavior_tree: 1.1.17 (/opt/ros/humble/share/nav2_behavior_tree/cmake)
[0.765s] -- Found eigen3_cmake_module: 0.1.1 (/opt/ros/humble/share/eigen3_cmake_module/cmake)
[0.765s] -- Found Eigen3: TRUE (found version "3.4.0") 
[0.765s] -- Ensuring Eigen3 include directory is part of orocos-kdl CMake target
[0.791s] -- Found nav2_core: 1.1.17 (/opt/ros/humble/share/nav2_core/cmake)
[0.841s] -- Setting build type to Release as none was specified.
[1.021s] -- Found ament_lint_auto: 0.12.11 (/opt/ros/humble/share/ament_lint_auto/cmake)
[1.064s] -- Added test 'copyright' to check source files copyright and LICENSE
[1.064s] -- Added test 'cppcheck' to perform static code analysis on C / C++ code
[1.065s] -- Configured cppcheck include dirs: /home/cmyhj/Documents/homework-2025-v1.1/release/answer2/src/robot_bt_navigator/include
[1.065s] -- Configured cppcheck exclude dirs and/or files: 
[1.065s] -- Added test 'cpplint' to check C / C++ code against the Google style
[1.065s] -- Configured cpplint exclude dirs and/or files: 
[1.066s] -- Added test 'lint_cmake' to check CMake code style
[1.066s] -- Added test 'uncrustify' to check C / C++ code style
[1.066s] -- Configured uncrustify additional arguments: 
[1.066s] -- Added test 'xmllint' to check XML markup files
[1.068s] -- Configuring done
[1.116s] -- Generating done
[1.121s] -- Build files have been written to: /home/cmyhj/Documents/homework-2025-v1.1/release/answer2/build/robot_bt_navigator
[1.129s] Invoked command in '/home/cmyhj/Documents/homework-2025-v1.1/release/answer2/build/robot_bt_navigator' returned '0': AMENT_PREFIX_PATH=/home/cmyhj/Documents/homework-2025-v1.1/release/answer2/install/robot_behavior_tree:${AMENT_PREFIX_PATH} CMAKE_PREFIX_PATH=/home/cmyhj/Documents/homework-2025-v1.1/release/answer2/install/robot_behavior_tree:/home/cmyhj/Documents/rm/sentry/livox_ws/install/livox_ros_driver2:/opt/ros/humble LD_LIBRARY_PATH=/home/cmyhj/Documents/homework-2025-v1.1/release/answer2/install/robot_behavior_tree/lib:/home/cmyhj/Documents/rm/sentry/livox_ws/install/livox_sdk2/lib:/home/cmyhj/Documents/rm/sentry/livox_ws/install/livox_ros_driver2/lib:/usr/lib/x86_64-linux-gnu/gazebo-11/plugins:/opt/ros/humble/opt/rviz_ogre_vendor/lib:/opt/ros/humble/lib/x86_64-linux-gnu:/opt/ros/humble/lib:/usr/local/lib:/usr/local/include /usr/bin/cmake /home/cmyhj/Documents/homework-2025-v1.1/release/answer2/src/robot_bt_navigator -DCMAKE_INSTALL_PREFIX=/home/cmyhj/Documents/homework-2025-v1.1/release/answer2/install/robot_bt_navigator
[1.129s] Invoking command in '/home/cmyhj/Documents/homework-2025-v1.1/release/answer2/build/robot_bt_navigator': AMENT_PREFIX_PATH=/home/cmyhj/Documents/homework-2025-v1.1/release/answer2/install/robot_behavior_tree:${AMENT_PREFIX_PATH} CMAKE_PREFIX_PATH=/home/cmyhj/Documents/homework-2025-v1.1/release/answer2/install/robot_behavior_tree:/home/cmyhj/Documents/rm/sentry/livox_ws/install/livox_ros_driver2:/opt/ros/humble LD_LIBRARY_PATH=/home/cmyhj/Documents/homework-2025-v1.1/release/answer2/install/robot_behavior_tree/lib:/home/cmyhj/Documents/rm/sentry/livox_ws/install/livox_sdk2/lib:/home/cmyhj/Documents/rm/sentry/livox_ws/install/livox_ros_driver2/lib:/usr/lib/x86_64-linux-gnu/gazebo-11/plugins:/opt/ros/humble/opt/rviz_ogre_vendor/lib:/opt/ros/humble/lib/x86_64-linux-gnu:/opt/ros/humble/lib:/usr/local/lib:/usr/local/include /usr/bin/cmake --build /home/cmyhj/Documents/homework-2025-v1.1/release/answer2/build/robot_bt_navigator -- -j32 -l32
[1.166s] [ 16%] [32mBuilding CXX object CMakeFiles/bt_navigator_core.dir/src/bt_navigator.cpp.o[0m
[1.167s] [ 33%] [32mBuilding CXX object CMakeFiles/bt_navigator_core.dir/src/navigators/navigate_through_poses.cpp.o[0m
[1.167s] [ 50%] [32mBuilding CXX object CMakeFiles/bt_navigator_core.dir/src/navigators/navigate_to_pose.cpp.o[0m
[11.372s] [ 66%] [32m[1mLinking CXX shared library libbt_navigator_core.so[0m
[11.633s] [ 66%] Built target bt_navigator_core
[11.651s] [ 83%] [32mBuilding CXX object CMakeFiles/bt_navigator.dir/src/main.cpp.o[0m
[14.401s] [100%] [32m[1mLinking CXX executable bt_navigator[0m
[14.642s] [100%] Built target bt_navigator
[14.652s] Invoked command in '/home/cmyhj/Documents/homework-2025-v1.1/release/answer2/build/robot_bt_navigator' returned '0': AMENT_PREFIX_PATH=/home/cmyhj/Documents/homework-2025-v1.1/release/answer2/install/robot_behavior_tree:${AMENT_PREFIX_PATH} CMAKE_PREFIX_PATH=/home/cmyhj/Documents/homework-2025-v1.1/release/answer2/install/robot_behavior_tree:/home/cmyhj/Documents/rm/sentry/livox_ws/install/livox_ros_driver2:/opt/ros/humble LD_LIBRARY_PATH=/home/cmyhj/Documents/homework-2025-v1.1/release/answer2/install/robot_behavior_tree/lib:/home/cmyhj/Documents/rm/sentry/livox_ws/install/livox_sdk2/lib:/home/cmyhj/Documents/rm/sentry/livox_ws/install/livox_ros_driver2/lib:/usr/lib/x86_64-linux-gnu/gazebo-11/plugins:/opt/ros/humble/opt/rviz_ogre_vendor/lib:/opt/ros/humble/lib/x86_64-linux-gnu:/opt/ros/humble/lib:/usr/local/lib:/usr/local/include /usr/bin/cmake --build /home/cmyhj/Documents/homework-2025-v1.1/release/answer2/build/robot_bt_navigator -- -j32 -l32
[14.653s] Invoking command in '/home/cmyhj/Documents/homework-2025-v1.1/release/answer2/build/robot_bt_navigator': AMENT_PREFIX_PATH=/home/cmyhj/Documents/homework-2025-v1.1/release/answer2/install/robot_behavior_tree:${AMENT_PREFIX_PATH} CMAKE_PREFIX_PATH=/home/cmyhj/Documents/homework-2025-v1.1/release/answer2/install/robot_behavior_tree:/home/cmyhj/Documents/rm/sentry/livox_ws/install/livox_ros_driver2:/opt/ros/humble LD_LIBRARY_PATH=/home/cmyhj/Documents/homework-2025-v1.1/release/answer2/install/robot_behavior_tree/lib:/home/cmyhj/Documents/rm/sentry/livox_ws/install/livox_sdk2/lib:/home/cmyhj/Documents/rm/sentry/livox_ws/install/livox_ros_driver2/lib:/usr/lib/x86_64-linux-gnu/gazebo-11/plugins:/opt/ros/humble/opt/rviz_ogre_vendor/lib:/opt/ros/humble/lib/x86_64-linux-gnu:/opt/ros/humble/lib:/usr/local/lib:/usr/local/include /usr/bin/cmake --install /home/cmyhj/Documents/homework-2025-v1.1/release/answer2/build/robot_bt_navigator
[14.658s] -- Install configuration: "Release"
[14.658s] -- Installing: /home/cmyhj/Documents/homework-2025-v1.1/release/answer2/install/robot_bt_navigator/lib/libbt_navigator_core.so
[14.660s] -- Set runtime path of "/home/cmyhj/Documents/homework-2025-v1.1/release/answer2/install/robot_bt_navigator/lib/libbt_navigator_core.so" to ""
[14.660s] -- Installing: /home/cmyhj/Documents/homework-2025-v1.1/release/answer2/install/robot_bt_navigator/lib/robot_bt_navigator/bt_navigator
[14.660s] -- Set runtime path of "/home/cmyhj/Documents/homework-2025-v1.1/release/answer2/install/robot_bt_navigator/lib/robot_bt_navigator/bt_navigator" to ""
[14.660s] -- Installing: /home/cmyhj/Documents/homework-2025-v1.1/release/answer2/install/robot_bt_navigator/include/
[14.661s] -- Installing: /home/cmyhj/Documents/homework-2025-v1.1/release/answer2/install/robot_bt_navigator/include//robot_bt_navigator
[14.661s] -- Installing: /home/cmyhj/Documents/homework-2025-v1.1/release/answer2/install/robot_bt_navigator/include//robot_bt_navigator/navigator.hpp
[14.661s] -- Installing: /home/cmyhj/Documents/homework-2025-v1.1/release/answer2/install/robot_bt_navigator/include//robot_bt_navigator/bt_navigator.hpp
[14.661s] -- Installing: /home/cmyhj/Documents/homework-2025-v1.1/release/answer2/install/robot_bt_navigator/include//robot_bt_navigator/navigators
[14.661s] -- Installing: /home/cmyhj/Documents/homework-2025-v1.1/release/answer2/install/robot_bt_navigator/include//robot_bt_navigator/navigators/navigate_through_poses.hpp
[14.661s] -- Installing: /home/cmyhj/Documents/homework-2025-v1.1/release/answer2/install/robot_bt_navigator/include//robot_bt_navigator/navigators/navigate_to_pose.hpp
[14.661s] -- Installing: /home/cmyhj/Documents/homework-2025-v1.1/release/answer2/install/robot_bt_navigator/share/robot_bt_navigator/behavior_trees
[14.661s] -- Installing: /home/cmyhj/Documents/homework-2025-v1.1/release/answer2/install/robot_bt_navigator/share/robot_bt_navigator/behavior_trees/navigate_w_replanning_only_if_goal_is_updated.xml
[14.661s] -- Installing: /home/cmyhj/Documents/homework-2025-v1.1/release/answer2/install/robot_bt_navigator/share/robot_bt_navigator/behavior_trees/navigate_w_replanning_time.xml
[14.661s] -- Installing: /home/cmyhj/Documents/homework-2025-v1.1/release/answer2/install/robot_bt_navigator/share/robot_bt_navigator/behavior_trees/nav_to_pose_with_consistent_replanning_and_if_path_becomes_invalid.xml
[14.661s] -- Installing: /home/cmyhj/Documents/homework-2025-v1.1/release/answer2/install/robot_bt_navigator/share/robot_bt_navigator/behavior_trees/follow_point.xml
[14.661s] -- Installing: /home/cmyhj/Documents/homework-2025-v1.1/release/answer2/install/robot_bt_navigator/share/robot_bt_navigator/behavior_trees/navigate_w_recovery_and_replanning_only_if_path_becomes_invalid.xml
[14.661s] -- Installing: /home/cmyhj/Documents/homework-2025-v1.1/release/answer2/install/robot_bt_navigator/share/robot_bt_navigator/behavior_trees/navigate_w_replanning_only_if_path_becomes_invalid.xml
[14.661s] -- Installing: /home/cmyhj/Documents/homework-2025-v1.1/release/answer2/install/robot_bt_navigator/share/robot_bt_navigator/behavior_trees/navigate_to_pose_w_replanning_goal_patience_and_recovery.xml
[14.662s] -- Installing: /home/cmyhj/Documents/homework-2025-v1.1/release/answer2/install/robot_bt_navigator/share/robot_bt_navigator/behavior_trees/navigate_to_pose_w_replanning_and_recovery.xml
[14.662s] -- Installing: /home/cmyhj/Documents/homework-2025-v1.1/release/answer2/install/robot_bt_navigator/share/robot_bt_navigator/behavior_trees/odometry_calibration.xml
[14.662s] -- Installing: /home/cmyhj/Documents/homework-2025-v1.1/release/answer2/install/robot_bt_navigator/share/robot_bt_navigator/behavior_trees/navigate_w_replanning_speed.xml
[14.662s] -- Installing: /home/cmyhj/Documents/homework-2025-v1.1/release/answer2/install/robot_bt_navigator/share/robot_bt_navigator/behavior_trees/navigate_w_replanning_distance.xml
[14.662s] -- Installing: /home/cmyhj/Documents/homework-2025-v1.1/release/answer2/install/robot_bt_navigator/share/robot_bt_navigator/behavior_trees/navigate_through_poses_w_replanning_and_recovery.xml
[14.662s] -- Installing: /home/cmyhj/Documents/homework-2025-v1.1/release/answer2/install/robot_bt_navigator/share/robot_bt_navigator/environment/library_path.sh
[14.662s] -- Installing: /home/cmyhj/Documents/homework-2025-v1.1/release/answer2/install/robot_bt_navigator/share/robot_bt_navigator/environment/library_path.dsv
[14.662s] -- Installing: /home/cmyhj/Documents/homework-2025-v1.1/release/answer2/install/robot_bt_navigator/share/ament_index/resource_index/package_run_dependencies/robot_bt_navigator
[14.662s] -- Installing: /home/cmyhj/Documents/homework-2025-v1.1/release/answer2/install/robot_bt_navigator/share/ament_index/resource_index/parent_prefix_path/robot_bt_navigator
[14.662s] -- Installing: /home/cmyhj/Documents/homework-2025-v1.1/release/answer2/install/robot_bt_navigator/share/robot_bt_navigator/environment/ament_prefix_path.sh
[14.662s] -- Installing: /home/cmyhj/Documents/homework-2025-v1.1/release/answer2/install/robot_bt_navigator/share/robot_bt_navigator/environment/ament_prefix_path.dsv
[14.662s] -- Installing: /home/cmyhj/Documents/homework-2025-v1.1/release/answer2/install/robot_bt_navigator/share/robot_bt_navigator/environment/path.sh
[14.662s] -- Installing: /home/cmyhj/Documents/homework-2025-v1.1/release/answer2/install/robot_bt_navigator/share/robot_bt_navigator/environment/path.dsv
[14.662s] -- Installing: /home/cmyhj/Documents/homework-2025-v1.1/release/answer2/install/robot_bt_navigator/share/robot_bt_navigator/local_setup.bash
[14.662s] -- Installing: /home/cmyhj/Documents/homework-2025-v1.1/release/answer2/install/robot_bt_navigator/share/robot_bt_navigator/local_setup.sh
[14.662s] -- Installing: /home/cmyhj/Documents/homework-2025-v1.1/release/answer2/install/robot_bt_navigator/share/robot_bt_navigator/local_setup.zsh
[14.663s] -- Installing: /home/cmyhj/Documents/homework-2025-v1.1/release/answer2/install/robot_bt_navigator/share/robot_bt_navigator/local_setup.dsv
[14.663s] -- Installing: /home/cmyhj/Documents/homework-2025-v1.1/release/answer2/install/robot_bt_navigator/share/robot_bt_navigator/package.dsv
[14.663s] -- Installing: /home/cmyhj/Documents/homework-2025-v1.1/release/answer2/install/robot_bt_navigator/share/ament_index/resource_index/packages/robot_bt_navigator
[14.663s] -- Installing: /home/cmyhj/Documents/homework-2025-v1.1/release/answer2/install/robot_bt_navigator/share/ament_index/resource_index/rclcpp_components/robot_bt_navigator
[14.663s] -- Installing: /home/cmyhj/Documents/homework-2025-v1.1/release/answer2/install/robot_bt_navigator/share/robot_bt_navigator/cmake/ament_cmake_export_include_directories-extras.cmake
[14.663s] -- Installing: /home/cmyhj/Documents/homework-2025-v1.1/release/answer2/install/robot_bt_navigator/share/robot_bt_navigator/cmake/ament_cmake_export_libraries-extras.cmake
[14.663s] -- Installing: /home/cmyhj/Documents/homework-2025-v1.1/release/answer2/install/robot_bt_navigator/share/robot_bt_navigator/cmake/ament_cmake_export_dependencies-extras.cmake
[14.663s] -- Installing: /home/cmyhj/Documents/homework-2025-v1.1/release/answer2/install/robot_bt_navigator/share/robot_bt_navigator/cmake/robot_bt_navigatorConfig.cmake
[14.663s] -- Installing: /home/cmyhj/Documents/homework-2025-v1.1/release/answer2/install/robot_bt_navigator/share/robot_bt_navigator/cmake/robot_bt_navigatorConfig-version.cmake
[14.663s] -- Installing: /home/cmyhj/Documents/homework-2025-v1.1/release/answer2/install/robot_bt_navigator/share/robot_bt_navigator/package.xml
[14.665s] Invoked command in '/home/cmyhj/Documents/homework-2025-v1.1/release/answer2/build/robot_bt_navigator' returned '0': AMENT_PREFIX_PATH=/home/cmyhj/Documents/homework-2025-v1.1/release/answer2/install/robot_behavior_tree:${AMENT_PREFIX_PATH} CMAKE_PREFIX_PATH=/home/cmyhj/Documents/homework-2025-v1.1/release/answer2/install/robot_behavior_tree:/home/cmyhj/Documents/rm/sentry/livox_ws/install/livox_ros_driver2:/opt/ros/humble LD_LIBRARY_PATH=/home/cmyhj/Documents/homework-2025-v1.1/release/answer2/install/robot_behavior_tree/lib:/home/cmyhj/Documents/rm/sentry/livox_ws/install/livox_sdk2/lib:/home/cmyhj/Documents/rm/sentry/livox_ws/install/livox_ros_driver2/lib:/usr/lib/x86_64-linux-gnu/gazebo-11/plugins:/opt/ros/humble/opt/rviz_ogre_vendor/lib:/opt/ros/humble/lib/x86_64-linux-gnu:/opt/ros/humble/lib:/usr/local/lib:/usr/local/include /usr/bin/cmake --install /home/cmyhj/Documents/homework-2025-v1.1/release/answer2/build/robot_bt_navigator
