[0.009s] Invoking command in '/home/cmyhj/Documents/homework-2025-v1.1/release/answer2/build/robot_behavior_tree': CMAKE_PREFIX_PATH=${CMAKE_PREFIX_PATH}:/opt/ros/humble /usr/bin/cmake /home/cmyhj/Documents/homework-2025-v1.1/release/answer2/src/robot_behavior_tree -DCMAKE_INSTALL_PREFIX=/home/cmyhj/Documents/homework-2025-v1.1/release/answer2/install/robot_behavior_tree
[0.018s] -- Found ament_cmake: 1.3.11 (/opt/ros/humble/share/ament_cmake/cmake)
[0.087s] -- Found rclcpp: 16.0.11 (/opt/ros/humble/share/rclcpp/cmake)
[0.102s] -- Found rosidl_generator_c: 3.1.6 (/opt/ros/humble/share/rosidl_generator_c/cmake)
[0.103s] -- Found rosidl_adapter: 3.1.6 (/opt/ros/humble/share/rosidl_adapter/cmake)
[0.106s] -- Found rosidl_generator_cpp: 3.1.6 (/opt/ros/humble/share/rosidl_generator_cpp/cmake)
[0.110s] -- Using all available rosidl_typesupport_c: rosidl_typesupport_fastrtps_c;rosidl_typesupport_introspection_c
[0.116s] -- Using all available rosidl_typesupport_cpp: rosidl_typesupport_fastrtps_cpp;rosidl_typesupport_introspection_cpp
[0.131s] -- Found rmw_implementation_cmake: 6.1.2 (/opt/ros/humble/share/rmw_implementation_cmake/cmake)
[0.132s] -- Found rmw_fastrtps_cpp: 6.2.7 (/opt/ros/humble/share/rmw_fastrtps_cpp/cmake)
[0.194s] -- Using RMW implementation 'rmw_fastrtps_cpp' as default
[0.218s] -- Found nav2_behavior_tree: 1.1.17 (/opt/ros/humble/share/nav2_behavior_tree/cmake)
[0.304s] -- Found eigen3_cmake_module: 0.1.1 (/opt/ros/humble/share/eigen3_cmake_module/cmake)
[0.305s] -- Ensuring Eigen3 include directory is part of orocos-kdl CMake target
[0.336s] [31mCMake Error at /opt/ros/humble/share/ament_cmake_target_dependencies/cmake/ament_target_dependencies.cmake:77 (message):
[0.336s]   ament_target_dependencies() the passed package name 'robot_msgs' was not
[0.336s]   found before
[0.336s] Call Stack (most recent call first):
[0.337s]   CMakeLists.txt:37 (ament_target_dependencies)
[0.337s] 
[0.337s] [0m
[0.337s] -- Configuring incomplete, errors occurred!
[0.337s] See also "/home/cmyhj/Documents/homework-2025-v1.1/release/answer2/build/robot_behavior_tree/CMakeFiles/CMakeOutput.log".
[0.342s] Invoked command in '/home/cmyhj/Documents/homework-2025-v1.1/release/answer2/build/robot_behavior_tree' returned '1': CMAKE_PREFIX_PATH=${CMAKE_PREFIX_PATH}:/opt/ros/humble /usr/bin/cmake /home/cmyhj/Documents/homework-2025-v1.1/release/answer2/src/robot_behavior_tree -DCMAKE_INSTALL_PREFIX=/home/cmyhj/Documents/homework-2025-v1.1/release/answer2/install/robot_behavior_tree
