[0.007s] Invoking command in '/home/cmyhj/Documents/homework-2025-v1.1/release/answer2/build/nav2_pure_pursuit_controller': CMAKE_PREFIX_PATH=${CMAKE_PREFIX_PATH}:/opt/ros/humble /usr/bin/cmake /home/cmyhj/Documents/homework-2025-v1.1/release/answer2/src/nav2_pure_pursuit_controller -DCMAKE_INSTALL_PREFIX=/home/cmyhj/Documents/homework-2025-v1.1/release/answer2/install/nav2_pure_pursuit_controller
[0.044s] -- The C compiler identification is GNU 11.4.0
[0.072s] -- The CXX compiler identification is GNU 11.4.0
[0.076s] -- Detecting C compiler ABI info
[0.119s] -- Detecting C compiler ABI info - done
[0.122s] -- Check for working C compiler: /usr/bin/cc - skipped
[0.122s] -- Detecting C compile features
[0.122s] -- Detecting C compile features - done
[0.124s] -- Detecting CXX compiler ABI info
[0.182s] -- Detecting CXX compiler ABI info - done
[0.186s] -- Check for working CXX compiler: /usr/bin/c++ - skipped
[0.186s] -- Detecting CXX compile features
[0.186s] -- Detecting CXX compile features - done
[0.187s] -- Found ament_cmake: 1.3.11 (/opt/ros/humble/share/ament_cmake/cmake)
[0.268s] -- Found Python3: /usr/bin/python3 (found version "3.10.12") found components: Interpreter 
[0.313s] -- Found nav2_common: 1.1.17 (/opt/ros/humble/share/nav2_common/cmake)
[0.314s] -- Found nav2_core: 1.1.17 (/opt/ros/humble/share/nav2_core/cmake)
[0.337s] -- Found rosidl_generator_c: 3.1.6 (/opt/ros/humble/share/rosidl_generator_c/cmake)
[0.339s] -- Found rosidl_adapter: 3.1.6 (/opt/ros/humble/share/rosidl_adapter/cmake)
[0.343s] -- Found rosidl_generator_cpp: 3.1.6 (/opt/ros/humble/share/rosidl_generator_cpp/cmake)
[0.350s] -- Using all available rosidl_typesupport_c: rosidl_typesupport_fastrtps_c;rosidl_typesupport_introspection_c
[0.358s] -- Using all available rosidl_typesupport_cpp: rosidl_typesupport_fastrtps_cpp;rosidl_typesupport_introspection_cpp
[0.382s] -- Found rmw_implementation_cmake: 6.1.2 (/opt/ros/humble/share/rmw_implementation_cmake/cmake)
[0.383s] -- Found rmw_fastrtps_cpp: 6.2.7 (/opt/ros/humble/share/rmw_fastrtps_cpp/cmake)
[0.436s] -- Found OpenSSL: /usr/lib/x86_64-linux-gnu/libcrypto.so (found version "3.0.2")  
[0.459s] -- Found FastRTPS: /opt/ros/humble/include  
[0.481s] -- Using RMW implementation 'rmw_fastrtps_cpp' as default
[0.485s] -- Looking for pthread.h
[0.538s] -- Looking for pthread.h - found
[0.539s] -- Performing Test CMAKE_HAVE_LIBC_PTHREAD
[0.579s] -- Performing Test CMAKE_HAVE_LIBC_PTHREAD - Success
[0.580s] -- Found Threads: TRUE  
[0.728s] -- Found Eigen3: TRUE (found version "3.4.0") 
[0.728s] -- Ensuring Eigen3 include directory is part of orocos-kdl CMake target
[0.782s] -- Setting build type to Release as none was specified.
[0.829s] -- Found ament_lint_auto: 0.12.11 (/opt/ros/humble/share/ament_lint_auto/cmake)
[0.863s] -- Configuring done
[0.886s] -- Generating done
[0.890s] -- Build files have been written to: /home/cmyhj/Documents/homework-2025-v1.1/release/answer2/build/nav2_pure_pursuit_controller
